This is pdfTeX, Version 3.141592653-2.6-1.40.25 (TeX Live 2023/Debian) (preloaded format=pdflatex 2025.5.4)  5 JUN 2025 01:10
entering extended mode
 restricted \write18 enabled.
 %&-line parsing enabled.
**Feathertheme.tex
(./Feathertheme.tex
LaTeX2e <2023-11-01> patch level 1
L3 programming layer <2024-01-22>
(/usr/share/texlive/texmf-dist/tex/latex/beamer/beamer.cls
Document Class: beamer 2024/01/06 v3.71 A class for typesetting presentations
(/usr/share/texlive/texmf-dist/tex/latex/beamer/beamerbasemodes.sty
(/usr/share/texlive/texmf-dist/tex/latex/etoolbox/etoolbox.sty
Package: etoolbox 2020/10/05 v2.5k e-TeX tools for LaTeX (JAW)
\etb@tempcnta=\count187
)
\beamer@tempbox=\box51
\beamer@tempcount=\count188
\c@beamerpauses=\count189

(/usr/share/texlive/texmf-dist/tex/latex/beamer/beamerbasedecode.sty
\beamer@slideinframe=\count190
\beamer@minimum=\count191
\beamer@decode@box=\box52
)
\beamer@commentbox=\box53
\beamer@modecount=\count192
)
(/usr/share/texlive/texmf-dist/tex/generic/iftex/iftex.sty
Package: iftex 2022/02/03 v1.0f TeX engine tests
)
\headdp=\dimen140
\footheight=\dimen141
\sidebarheight=\dimen142
\beamer@tempdim=\dimen143
\beamer@finalheight=\dimen144
\beamer@animht=\dimen145
\beamer@animdp=\dimen146
\beamer@animwd=\dimen147
\beamer@leftmargin=\dimen148
\beamer@rightmargin=\dimen149
\beamer@leftsidebar=\dimen150
\beamer@rightsidebar=\dimen151
\beamer@boxsize=\dimen152
\beamer@vboxoffset=\dimen153
\beamer@descdefault=\dimen154
\beamer@descriptionwidth=\dimen155
\beamer@lastskip=\skip48
\beamer@areabox=\box54
\beamer@animcurrent=\box55
\beamer@animshowbox=\box56
\beamer@sectionbox=\box57
\beamer@logobox=\box58
\beamer@linebox=\box59
\beamer@sectioncount=\count193
\beamer@subsubsectionmax=\count194
\beamer@subsectionmax=\count195
\beamer@sectionmax=\count196
\beamer@totalheads=\count197
\beamer@headcounter=\count198
\beamer@partstartpage=\count199
\beamer@sectionstartpage=\count266
\beamer@subsectionstartpage=\count267
\beamer@animationtempa=\count268
\beamer@animationtempb=\count269
\beamer@xpos=\count270
\beamer@ypos=\count271
\beamer@ypos@offset=\count272
\beamer@showpartnumber=\count273
\beamer@currentsubsection=\count274
\beamer@coveringdepth=\count275
\beamer@sectionadjust=\count276
\beamer@toclastsection=\count277
\beamer@tocsectionnumber=\count278

(/usr/share/texlive/texmf-dist/tex/latex/beamer/beamerbaseoptions.sty
(/usr/share/texlive/texmf-dist/tex/latex/graphics/keyval.sty
Package: keyval 2022/05/29 v1.15 key=value parser (DPC)
\KV@toks@=\toks17
))
\beamer@paperwidth=\skip49
\beamer@paperheight=\skip50

(/usr/share/texlive/texmf-dist/tex/latex/geometry/geometry.sty
Package: geometry 2020/01/02 v5.9 Page Geometry

(/usr/share/texlive/texmf-dist/tex/generic/iftex/ifvtex.sty
Package: ifvtex 2019/10/25 v1.7 ifvtex legacy package. Use iftex instead.
)
\Gm@cnth=\count279
\Gm@cntv=\count280
\c@Gm@tempcnt=\count281
\Gm@bindingoffset=\dimen156
\Gm@wd@mp=\dimen157
\Gm@odd@mp=\dimen158
\Gm@even@mp=\dimen159
\Gm@layoutwidth=\dimen160
\Gm@layoutheight=\dimen161
\Gm@layouthoffset=\dimen162
\Gm@layoutvoffset=\dimen163
\Gm@dimlist=\toks18
)
(/usr/share/texlive/texmf-dist/tex/latex/pgf/math/pgfmath.sty
(/usr/share/texlive/texmf-dist/tex/latex/pgf/utilities/pgfrcs.sty
(/usr/share/texlive/texmf-dist/tex/generic/pgf/utilities/pgfutil-common.tex
\pgfutil@everybye=\toks19
\pgfutil@tempdima=\dimen164
\pgfutil@tempdimb=\dimen165
)
(/usr/share/texlive/texmf-dist/tex/generic/pgf/utilities/pgfutil-latex.def
\pgfutil@abb=\box60
)
(/usr/share/texlive/texmf-dist/tex/generic/pgf/utilities/pgfrcs.code.tex
(/usr/share/texlive/texmf-dist/tex/generic/pgf/pgf.revision.tex)
Package: pgfrcs 2023-01-15 v3.1.10 (3.1.10)
))
(/usr/share/texlive/texmf-dist/tex/latex/pgf/utilities/pgfkeys.sty
(/usr/share/texlive/texmf-dist/tex/generic/pgf/utilities/pgfkeys.code.tex
\pgfkeys@pathtoks=\toks20
\pgfkeys@temptoks=\toks21

(/usr/share/texlive/texmf-dist/tex/generic/pgf/utilities/pgfkeyslibraryfiltered
.code.tex
\pgfkeys@tmptoks=\toks22
)))
(/usr/share/texlive/texmf-dist/tex/generic/pgf/math/pgfmath.code.tex
(/usr/share/texlive/texmf-dist/tex/generic/pgf/math/pgfmathutil.code.tex
\pgf@x=\dimen166
\pgf@xa=\dimen167
\pgf@xb=\dimen168
\pgf@xc=\dimen169
\pgf@y=\dimen170
\pgf@ya=\dimen171
\pgf@yb=\dimen172
\pgf@yc=\dimen173
\c@pgf@counta=\count282
\c@pgf@countb=\count283
\c@pgf@countc=\count284
\c@pgf@countd=\count285
)
(/usr/share/texlive/texmf-dist/tex/generic/pgf/math/pgfmathparser.code.tex
\pgfmath@dimen=\dimen174
\pgfmath@count=\count286
\pgfmath@box=\box61
\pgfmath@toks=\toks23
\pgfmath@stack@operand=\toks24
\pgfmath@stack@operation=\toks25
)
(/usr/share/texlive/texmf-dist/tex/generic/pgf/math/pgfmathfunctions.code.tex)
(/usr/share/texlive/texmf-dist/tex/generic/pgf/math/pgfmathfunctions.basic.code
.tex)
(/usr/share/texlive/texmf-dist/tex/generic/pgf/math/pgfmathfunctions.trigonomet
ric.code.tex)
(/usr/share/texlive/texmf-dist/tex/generic/pgf/math/pgfmathfunctions.random.cod
e.tex)
(/usr/share/texlive/texmf-dist/tex/generic/pgf/math/pgfmathfunctions.comparison
.code.tex)
(/usr/share/texlive/texmf-dist/tex/generic/pgf/math/pgfmathfunctions.base.code.
tex)
(/usr/share/texlive/texmf-dist/tex/generic/pgf/math/pgfmathfunctions.round.code
.tex)
(/usr/share/texlive/texmf-dist/tex/generic/pgf/math/pgfmathfunctions.misc.code.
tex)
(/usr/share/texlive/texmf-dist/tex/generic/pgf/math/pgfmathfunctions.integerari
thmetics.code.tex)
(/usr/share/texlive/texmf-dist/tex/generic/pgf/math/pgfmathcalc.code.tex)
(/usr/share/texlive/texmf-dist/tex/generic/pgf/math/pgfmathfloat.code.tex
\c@pgfmathroundto@lastzeros=\count287
)))
(/usr/share/texlive/texmf-dist/tex/latex/base/size10.clo
File: size10.clo 2023/05/17 v1.4n Standard LaTeX file (size option)
)
(/usr/share/texlive/texmf-dist/tex/latex/pgf/basiclayer/pgfcore.sty
(/usr/share/texlive/texmf-dist/tex/latex/graphics/graphicx.sty
Package: graphicx 2021/09/16 v1.2d Enhanced LaTeX Graphics (DPC,SPQR)

(/usr/share/texlive/texmf-dist/tex/latex/graphics/graphics.sty
Package: graphics 2022/03/10 v1.4e Standard LaTeX Graphics (DPC,SPQR)

(/usr/share/texlive/texmf-dist/tex/latex/graphics/trig.sty
Package: trig 2021/08/11 v1.11 sin cos tan (DPC)
)
(/usr/share/texlive/texmf-dist/tex/latex/graphics-cfg/graphics.cfg
File: graphics.cfg 2016/06/04 v1.11 sample graphics configuration
)
Package graphics Info: Driver file: pdftex.def on input line 107.

(/usr/share/texlive/texmf-dist/tex/latex/graphics-def/pdftex.def
File: pdftex.def 2022/09/22 v1.2b Graphics/color driver for pdftex
))
\Gin@req@height=\dimen175
\Gin@req@width=\dimen176
)
(/usr/share/texlive/texmf-dist/tex/latex/pgf/systemlayer/pgfsys.sty
(/usr/share/texlive/texmf-dist/tex/generic/pgf/systemlayer/pgfsys.code.tex
Package: pgfsys 2023-01-15 v3.1.10 (3.1.10)
\pgf@x=\dimen177
\pgf@y=\dimen178
\pgf@xa=\dimen179
\pgf@ya=\dimen180
\pgf@xb=\dimen181
\pgf@yb=\dimen182
\pgf@xc=\dimen183
\pgf@yc=\dimen184
\pgf@xd=\dimen185
\pgf@yd=\dimen186
\w@pgf@writea=\write3
\r@pgf@reada=\read2
\c@pgf@counta=\count288
\c@pgf@countb=\count289
\c@pgf@countc=\count290
\c@pgf@countd=\count291
\t@pgf@toka=\toks26
\t@pgf@tokb=\toks27
\t@pgf@tokc=\toks28
\pgf@sys@id@count=\count292

(/usr/share/texlive/texmf-dist/tex/generic/pgf/systemlayer/pgf.cfg
File: pgf.cfg 2023-01-15 v3.1.10 (3.1.10)
)
Driver file for pgf: pgfsys-pdftex.def

(/usr/share/texlive/texmf-dist/tex/generic/pgf/systemlayer/pgfsys-pdftex.def
File: pgfsys-pdftex.def 2023-01-15 v3.1.10 (3.1.10)

(/usr/share/texlive/texmf-dist/tex/generic/pgf/systemlayer/pgfsys-common-pdf.de
f
File: pgfsys-common-pdf.def 2023-01-15 v3.1.10 (3.1.10)
)))
(/usr/share/texlive/texmf-dist/tex/generic/pgf/systemlayer/pgfsyssoftpath.code.
tex
File: pgfsyssoftpath.code.tex 2023-01-15 v3.1.10 (3.1.10)
\pgfsyssoftpath@smallbuffer@items=\count293
\pgfsyssoftpath@bigbuffer@items=\count294
)
(/usr/share/texlive/texmf-dist/tex/generic/pgf/systemlayer/pgfsysprotocol.code.
tex
File: pgfsysprotocol.code.tex 2023-01-15 v3.1.10 (3.1.10)
)) (/usr/share/texlive/texmf-dist/tex/latex/xcolor/xcolor.sty
Package: xcolor 2023/11/15 v3.01 LaTeX color extensions (UK)

(/usr/share/texlive/texmf-dist/tex/latex/graphics-cfg/color.cfg
File: color.cfg 2016/01/02 v1.6 sample color configuration
)
Package xcolor Info: Driver file: pdftex.def on input line 274.

(/usr/share/texlive/texmf-dist/tex/latex/graphics/mathcolor.ltx)
Package xcolor Info: Model `cmy' substituted by `cmy0' on input line 1350.
Package xcolor Info: Model `hsb' substituted by `rgb' on input line 1354.
Package xcolor Info: Model `RGB' extended on input line 1366.
Package xcolor Info: Model `HTML' substituted by `rgb' on input line 1368.
Package xcolor Info: Model `Hsb' substituted by `hsb' on input line 1369.
Package xcolor Info: Model `tHsb' substituted by `hsb' on input line 1370.
Package xcolor Info: Model `HSB' substituted by `hsb' on input line 1371.
Package xcolor Info: Model `Gray' substituted by `gray' on input line 1372.
Package xcolor Info: Model `wave' substituted by `hsb' on input line 1373.
)
(/usr/share/texlive/texmf-dist/tex/latex/graphics/dvipsnam.def
File: dvipsnam.def 2016/06/17 v3.0m Driver-dependent file (DPC,SPQR)
)
(/usr/share/texlive/texmf-dist/tex/generic/pgf/basiclayer/pgfcore.code.tex
Package: pgfcore 2023-01-15 v3.1.10 (3.1.10)

(/usr/share/texlive/texmf-dist/tex/generic/pgf/math/pgfint.code.tex)
(/usr/share/texlive/texmf-dist/tex/generic/pgf/basiclayer/pgfcorepoints.code.te
x
File: pgfcorepoints.code.tex 2023-01-15 v3.1.10 (3.1.10)
\pgf@picminx=\dimen187
\pgf@picmaxx=\dimen188
\pgf@picminy=\dimen189
\pgf@picmaxy=\dimen190
\pgf@pathminx=\dimen191
\pgf@pathmaxx=\dimen192
\pgf@pathminy=\dimen193
\pgf@pathmaxy=\dimen194
\pgf@xx=\dimen195
\pgf@xy=\dimen196
\pgf@yx=\dimen197
\pgf@yy=\dimen198
\pgf@zx=\dimen199
\pgf@zy=\dimen256
)
(/usr/share/texlive/texmf-dist/tex/generic/pgf/basiclayer/pgfcorepathconstruct.
code.tex
File: pgfcorepathconstruct.code.tex 2023-01-15 v3.1.10 (3.1.10)
\pgf@path@lastx=\dimen257
\pgf@path@lasty=\dimen258
)
(/usr/share/texlive/texmf-dist/tex/generic/pgf/basiclayer/pgfcorepathusage.code
.tex
File: pgfcorepathusage.code.tex 2023-01-15 v3.1.10 (3.1.10)
\pgf@shorten@end@additional=\dimen259
\pgf@shorten@start@additional=\dimen260
)
(/usr/share/texlive/texmf-dist/tex/generic/pgf/basiclayer/pgfcorescopes.code.te
x
File: pgfcorescopes.code.tex 2023-01-15 v3.1.10 (3.1.10)
\pgfpic=\box62
\pgf@hbox=\box63
\pgf@layerbox@main=\box64
\pgf@picture@serial@count=\count295
)
(/usr/share/texlive/texmf-dist/tex/generic/pgf/basiclayer/pgfcoregraphicstate.c
ode.tex
File: pgfcoregraphicstate.code.tex 2023-01-15 v3.1.10 (3.1.10)
\pgflinewidth=\dimen261
)
(/usr/share/texlive/texmf-dist/tex/generic/pgf/basiclayer/pgfcoretransformation
s.code.tex
File: pgfcoretransformations.code.tex 2023-01-15 v3.1.10 (3.1.10)
\pgf@pt@x=\dimen262
\pgf@pt@y=\dimen263
\pgf@pt@temp=\dimen264
)
(/usr/share/texlive/texmf-dist/tex/generic/pgf/basiclayer/pgfcorequick.code.tex
File: pgfcorequick.code.tex 2023-01-15 v3.1.10 (3.1.10)
)
(/usr/share/texlive/texmf-dist/tex/generic/pgf/basiclayer/pgfcoreobjects.code.t
ex
File: pgfcoreobjects.code.tex 2023-01-15 v3.1.10 (3.1.10)
)
(/usr/share/texlive/texmf-dist/tex/generic/pgf/basiclayer/pgfcorepathprocessing
.code.tex
File: pgfcorepathprocessing.code.tex 2023-01-15 v3.1.10 (3.1.10)
)
(/usr/share/texlive/texmf-dist/tex/generic/pgf/basiclayer/pgfcorearrows.code.te
x
File: pgfcorearrows.code.tex 2023-01-15 v3.1.10 (3.1.10)
\pgfarrowsep=\dimen265
)
(/usr/share/texlive/texmf-dist/tex/generic/pgf/basiclayer/pgfcoreshade.code.tex
File: pgfcoreshade.code.tex 2023-01-15 v3.1.10 (3.1.10)
\pgf@max=\dimen266
\pgf@sys@shading@range@num=\count296
\pgf@shadingcount=\count297
)
(/usr/share/texlive/texmf-dist/tex/generic/pgf/basiclayer/pgfcoreimage.code.tex
File: pgfcoreimage.code.tex 2023-01-15 v3.1.10 (3.1.10)
)
(/usr/share/texlive/texmf-dist/tex/generic/pgf/basiclayer/pgfcoreexternal.code.
tex
File: pgfcoreexternal.code.tex 2023-01-15 v3.1.10 (3.1.10)
\pgfexternal@startupbox=\box65
)
(/usr/share/texlive/texmf-dist/tex/generic/pgf/basiclayer/pgfcorelayers.code.te
x
File: pgfcorelayers.code.tex 2023-01-15 v3.1.10 (3.1.10)
)
(/usr/share/texlive/texmf-dist/tex/generic/pgf/basiclayer/pgfcoretransparency.c
ode.tex
File: pgfcoretransparency.code.tex 2023-01-15 v3.1.10 (3.1.10)
)
(/usr/share/texlive/texmf-dist/tex/generic/pgf/basiclayer/pgfcorepatterns.code.
tex
File: pgfcorepatterns.code.tex 2023-01-15 v3.1.10 (3.1.10)
)
(/usr/share/texlive/texmf-dist/tex/generic/pgf/basiclayer/pgfcorerdf.code.tex
File: pgfcorerdf.code.tex 2023-01-15 v3.1.10 (3.1.10)
))) (/usr/share/texlive/texmf-dist/tex/latex/pgf/utilities/xxcolor.sty
Package: xxcolor 2003/10/24 ver 0.1
\XC@nummixins=\count298
\XC@countmixins=\count299
)
(/usr/share/texlive/texmf-dist/tex/latex/base/atbegshi-ltx.sty
Package: atbegshi-ltx 2021/01/10 v1.0c Emulation of the original atbegshi
package with kernel methods
)
(/usr/share/texlive/texmf-dist/tex/latex/hyperref/hyperref.sty
Package: hyperref 2024-01-20 v7.01h Hypertext links for LaTeX

(/usr/share/texlive/texmf-dist/tex/latex/kvsetkeys/kvsetkeys.sty
Package: kvsetkeys 2022-10-05 v1.19 Key value parser (HO)
)
(/usr/share/texlive/texmf-dist/tex/generic/kvdefinekeys/kvdefinekeys.sty
Package: kvdefinekeys 2019-12-19 v1.6 Define keys (HO)
)
(/usr/share/texlive/texmf-dist/tex/generic/pdfescape/pdfescape.sty
Package: pdfescape 2019/12/09 v1.15 Implements pdfTeX's escape features (HO)

(/usr/share/texlive/texmf-dist/tex/generic/ltxcmds/ltxcmds.sty
Package: ltxcmds 2023-12-04 v1.26 LaTeX kernel commands for general use (HO)
)
(/usr/share/texlive/texmf-dist/tex/generic/pdftexcmds/pdftexcmds.sty
Package: pdftexcmds 2020-06-27 v0.33 Utility functions of pdfTeX for LuaTeX (HO
)

(/usr/share/texlive/texmf-dist/tex/generic/infwarerr/infwarerr.sty
Package: infwarerr 2019/12/03 v1.5 Providing info/warning/error messages (HO)
)
Package pdftexcmds Info: \pdf@primitive is available.
Package pdftexcmds Info: \pdf@ifprimitive is available.
Package pdftexcmds Info: \pdfdraftmode found.
))
(/usr/share/texlive/texmf-dist/tex/latex/hycolor/hycolor.sty
Package: hycolor 2020-01-27 v1.10 Color options for hyperref/bookmark (HO)
)
(/usr/share/texlive/texmf-dist/tex/latex/auxhook/auxhook.sty
Package: auxhook 2019-12-17 v1.6 Hooks for auxiliary files (HO)
)
(/usr/share/texlive/texmf-dist/tex/latex/hyperref/nameref.sty
Package: nameref 2023-11-26 v2.56 Cross-referencing by name of section

(/usr/share/texlive/texmf-dist/tex/latex/refcount/refcount.sty
Package: refcount 2019/12/15 v3.6 Data extraction from label references (HO)
)
(/usr/share/texlive/texmf-dist/tex/generic/gettitlestring/gettitlestring.sty
Package: gettitlestring 2019/12/15 v1.6 Cleanup title references (HO)

(/usr/share/texlive/texmf-dist/tex/latex/kvoptions/kvoptions.sty
Package: kvoptions 2022-06-15 v3.15 Key value format for package options (HO)
))
\c@section@level=\count300
)
\@linkdim=\dimen267
\Hy@linkcounter=\count301
\Hy@pagecounter=\count302

(/usr/share/texlive/texmf-dist/tex/latex/hyperref/pd1enc.def
File: pd1enc.def 2024-01-20 v7.01h Hyperref: PDFDocEncoding definition (HO)
Now handling font encoding PD1 ...
... no UTF-8 mapping file for font encoding PD1
)
(/usr/share/texlive/texmf-dist/tex/generic/intcalc/intcalc.sty
Package: intcalc 2019/12/15 v1.3 Expandable calculations with integers (HO)
)
\Hy@SavedSpaceFactor=\count303

(/usr/share/texlive/texmf-dist/tex/latex/hyperref/puenc.def
File: puenc.def 2024-01-20 v7.01h Hyperref: PDF Unicode definition (HO)
Now handling font encoding PU ...
... no UTF-8 mapping file for font encoding PU
)
Package hyperref Info: Option `bookmarks' set `true' on input line 4062.
Package hyperref Info: Option `bookmarksopen' set `true' on input line 4062.
Package hyperref Info: Option `implicit' set `false' on input line 4062.
Package hyperref Info: Hyper figures OFF on input line 4179.
Package hyperref Info: Link nesting OFF on input line 4184.
Package hyperref Info: Hyper index ON on input line 4187.
Package hyperref Info: Plain pages OFF on input line 4194.
Package hyperref Info: Backreferencing OFF on input line 4199.
Package hyperref Info: Implicit mode OFF; no redefinition of LaTeX internals.
Package hyperref Info: Bookmarks ON on input line 4446.
\c@Hy@tempcnt=\count304

(/usr/share/texlive/texmf-dist/tex/latex/url/url.sty
\Urlmuskip=\muskip16
Package: url 2013/09/16  ver 3.4  Verb mode for urls, etc.
)
LaTeX Info: Redefining \url on input line 4784.
\XeTeXLinkMargin=\dimen268

(/usr/share/texlive/texmf-dist/tex/generic/bitset/bitset.sty
Package: bitset 2019/12/09 v1.3 Handle bit-vector datatype (HO)

(/usr/share/texlive/texmf-dist/tex/generic/bigintcalc/bigintcalc.sty
Package: bigintcalc 2019/12/15 v1.5 Expandable calculations on big integers (HO
)
))
\Fld@menulength=\count305
\Field@Width=\dimen269
\Fld@charsize=\dimen270
Package hyperref Info: Hyper figures OFF on input line 6063.
Package hyperref Info: Link nesting OFF on input line 6068.
Package hyperref Info: Hyper index ON on input line 6071.
Package hyperref Info: backreferencing OFF on input line 6078.
Package hyperref Info: Link coloring OFF on input line 6083.
Package hyperref Info: Link coloring with OCG OFF on input line 6088.
Package hyperref Info: PDF/A mode OFF on input line 6093.
\Hy@abspage=\count306


Package hyperref Message: Stopped early.

)
Package hyperref Info: Driver (autodetected): hpdftex.
 (/usr/share/texlive/texmf-dist/tex/latex/hyperref/hpdftex.def
File: hpdftex.def 2024-01-20 v7.01h Hyperref driver for pdfTeX

(/usr/share/texlive/texmf-dist/tex/latex/base/atveryend-ltx.sty
Package: atveryend-ltx 2020/08/19 v1.0a Emulation of the original atveryend pac
kage
with kernel methods
)
\Fld@listcount=\count307
\c@bookmark@seq@number=\count308

(/usr/share/texlive/texmf-dist/tex/latex/rerunfilecheck/rerunfilecheck.sty
Package: rerunfilecheck 2022-07-10 v1.10 Rerun checks for auxiliary files (HO)

(/usr/share/texlive/texmf-dist/tex/generic/uniquecounter/uniquecounter.sty
Package: uniquecounter 2019/12/15 v1.4 Provide unlimited unique counter (HO)
)
Package uniquecounter Info: New unique counter `rerunfilecheck' on input line 2
85.
))
(/usr/share/texlive/texmf-dist/tex/latex/beamer/beamerbaserequires.sty
(/usr/share/texlive/texmf-dist/tex/latex/beamer/beamerbasecompatibility.sty)
(/usr/share/texlive/texmf-dist/tex/latex/beamer/beamerbasefont.sty
(/usr/share/texlive/texmf-dist/tex/latex/amsfonts/amssymb.sty
Package: amssymb 2013/01/14 v3.01 AMS font symbols

(/usr/share/texlive/texmf-dist/tex/latex/amsfonts/amsfonts.sty
Package: amsfonts 2013/01/14 v3.01 Basic AMSFonts support
\@emptytoks=\toks29
\symAMSa=\mathgroup4
\symAMSb=\mathgroup5
LaTeX Font Info:    Redeclaring math symbol \hbar on input line 98.
LaTeX Font Info:    Overwriting math alphabet `\mathfrak' in version `bold'
(Font)                  U/euf/m/n --> U/euf/b/n on input line 106.
)))
(/usr/share/texlive/texmf-dist/tex/latex/beamer/beamerbasetranslator.sty
(/usr/share/texlive/texmf-dist/tex/latex/translator/translator.sty
Package: translator 2021-05-31 v1.12d Easy translation of strings in LaTeX
))
(/usr/share/texlive/texmf-dist/tex/latex/beamer/beamerbasemisc.sty)
(/usr/share/texlive/texmf-dist/tex/latex/beamer/beamerbasetwoscreens.sty)
(/usr/share/texlive/texmf-dist/tex/latex/beamer/beamerbaseoverlay.sty
\beamer@argscount=\count309
\beamer@lastskipcover=\skip51
\beamer@trivlistdepth=\count310
)
(/usr/share/texlive/texmf-dist/tex/latex/beamer/beamerbasetitle.sty)
(/usr/share/texlive/texmf-dist/tex/latex/beamer/beamerbasesection.sty
\c@lecture=\count311
\c@part=\count312
\c@section=\count313
\c@subsection=\count314
\c@subsubsection=\count315
)
(/usr/share/texlive/texmf-dist/tex/latex/beamer/beamerbaseframe.sty
\beamer@framebox=\box66
\beamer@frametitlebox=\box67
\beamer@zoombox=\box68
\beamer@zoomcount=\count316
\beamer@zoomframecount=\count317
\beamer@frametextheight=\dimen271
\c@subsectionslide=\count318
\beamer@frametopskip=\skip52
\beamer@framebottomskip=\skip53
\beamer@frametopskipautobreak=\skip54
\beamer@framebottomskipautobreak=\skip55
\beamer@envbody=\toks30
\framewidth=\dimen272
\c@framenumber=\count319
)
(/usr/share/texlive/texmf-dist/tex/latex/beamer/beamerbaseverbatim.sty
\beamer@verbatimfileout=\write4
)
(/usr/share/texlive/texmf-dist/tex/latex/beamer/beamerbaseframesize.sty
\beamer@splitbox=\box69
\beamer@autobreakcount=\count320
\beamer@autobreaklastheight=\dimen273
\beamer@frametitletoks=\toks31
\beamer@framesubtitletoks=\toks32
)
(/usr/share/texlive/texmf-dist/tex/latex/beamer/beamerbaseframecomponents.sty
\beamer@footins=\box70
)
(/usr/share/texlive/texmf-dist/tex/latex/beamer/beamerbasecolor.sty)
(/usr/share/texlive/texmf-dist/tex/latex/beamer/beamerbasenotes.sty
\beamer@frameboxcopy=\box71
)
(/usr/share/texlive/texmf-dist/tex/latex/beamer/beamerbasetoc.sty)
(/usr/share/texlive/texmf-dist/tex/latex/beamer/beamerbasetemplates.sty
\beamer@sbttoks=\toks33

(/usr/share/texlive/texmf-dist/tex/latex/beamer/beamerbaseauxtemplates.sty
(/usr/share/texlive/texmf-dist/tex/latex/beamer/beamerbaseboxes.sty
\bmb@box=\box72
\bmb@colorbox=\box73
\bmb@boxwidth=\dimen274
\bmb@boxheight=\dimen275
\bmb@prevheight=\dimen276
\bmb@temp=\dimen277
\bmb@dima=\dimen278
\bmb@dimb=\dimen279
\bmb@prevheight=\dimen280
)
\beamer@blockheadheight=\dimen281
))
(/usr/share/texlive/texmf-dist/tex/latex/beamer/beamerbaselocalstructure.sty
(/usr/share/texlive/texmf-dist/tex/latex/tools/enumerate.sty
Package: enumerate 2023/07/04 v3.00 enumerate extensions (DPC)
\@enLab=\toks34
)
\beamer@bibiconwidth=\skip56
\c@figure=\count321
\c@table=\count322
\abovecaptionskip=\skip57
\belowcaptionskip=\skip58
)
(/usr/share/texlive/texmf-dist/tex/latex/beamer/beamerbasenavigation.sty
(/usr/share/texlive/texmf-dist/tex/latex/beamer/beamerbasenavigationsymbols.tex
)
\beamer@section@min@dim=\dimen282
) (/usr/share/texlive/texmf-dist/tex/latex/beamer/beamerbasetheorems.sty
(/usr/share/texlive/texmf-dist/tex/latex/amsmath/amsmath.sty
Package: amsmath 2023/05/13 v2.17o AMS math features
\@mathmargin=\skip59

For additional information on amsmath, use the `?' option.
(/usr/share/texlive/texmf-dist/tex/latex/amsmath/amstext.sty
Package: amstext 2021/08/26 v2.01 AMS text

(/usr/share/texlive/texmf-dist/tex/latex/amsmath/amsgen.sty
File: amsgen.sty 1999/11/30 v2.0 generic functions
\@emptytoks=\toks35
\ex@=\dimen283
))
(/usr/share/texlive/texmf-dist/tex/latex/amsmath/amsbsy.sty
Package: amsbsy 1999/11/29 v1.2d Bold Symbols
\pmbraise@=\dimen284
)
(/usr/share/texlive/texmf-dist/tex/latex/amsmath/amsopn.sty
Package: amsopn 2022/04/08 v2.04 operator names
)
\inf@bad=\count323
LaTeX Info: Redefining \frac on input line 234.
\uproot@=\count324
\leftroot@=\count325
LaTeX Info: Redefining \overline on input line 399.
LaTeX Info: Redefining \colon on input line 410.
\classnum@=\count326
\DOTSCASE@=\count327
LaTeX Info: Redefining \ldots on input line 496.
LaTeX Info: Redefining \dots on input line 499.
LaTeX Info: Redefining \cdots on input line 620.
\Mathstrutbox@=\box74
\strutbox@=\box75
LaTeX Info: Redefining \big on input line 722.
LaTeX Info: Redefining \Big on input line 723.
LaTeX Info: Redefining \bigg on input line 724.
LaTeX Info: Redefining \Bigg on input line 725.
\big@size=\dimen285
LaTeX Font Info:    Redeclaring font encoding OML on input line 743.
LaTeX Font Info:    Redeclaring font encoding OMS on input line 744.
\macc@depth=\count328
LaTeX Info: Redefining \bmod on input line 905.
LaTeX Info: Redefining \pmod on input line 910.
LaTeX Info: Redefining \smash on input line 940.
LaTeX Info: Redefining \relbar on input line 970.
LaTeX Info: Redefining \Relbar on input line 971.
\c@MaxMatrixCols=\count329
\dotsspace@=\muskip17
\c@parentequation=\count330
\dspbrk@lvl=\count331
\tag@help=\toks36
\row@=\count332
\column@=\count333
\maxfields@=\count334
\andhelp@=\toks37
\eqnshift@=\dimen286
\alignsep@=\dimen287
\tagshift@=\dimen288
\tagwidth@=\dimen289
\totwidth@=\dimen290
\lineht@=\dimen291
\@envbody=\toks38
\multlinegap=\skip60
\multlinetaggap=\skip61
\mathdisplay@stack=\toks39
LaTeX Info: Redefining \[ on input line 2953.
LaTeX Info: Redefining \] on input line 2954.
)
(/usr/share/texlive/texmf-dist/tex/latex/amscls/amsthm.sty
Package: amsthm 2020/05/29 v2.20.6
\thm@style=\toks40
\thm@bodyfont=\toks41
\thm@headfont=\toks42
\thm@notefont=\toks43
\thm@headpunct=\toks44
\thm@preskip=\skip62
\thm@postskip=\skip63
\thm@headsep=\skip64
\dth@everypar=\toks45
)
\c@theorem=\count335
)
(/usr/share/texlive/texmf-dist/tex/latex/beamer/beamerbasethemes.sty))
(/usr/share/texlive/texmf-dist/tex/latex/beamer/beamerthemedefault.sty
(/usr/share/texlive/texmf-dist/tex/latex/beamer/beamerfontthemedefault.sty)
(/usr/share/texlive/texmf-dist/tex/latex/beamer/beamercolorthemedefault.sty)
(/usr/share/texlive/texmf-dist/tex/latex/beamer/beamerinnerthemedefault.sty
\beamer@dima=\dimen292
\beamer@dimb=\dimen293
)
(/usr/share/texlive/texmf-dist/tex/latex/beamer/beamerouterthemedefault.sty)))
(/usr/share/texlive/texmf-dist/tex/latex/caption/caption.sty
Package: caption 2023/08/05 v3.6o Customizing captions (AR)

(/usr/share/texlive/texmf-dist/tex/latex/caption/caption3.sty
Package: caption3 2023/07/31 v2.4d caption3 kernel (AR)
\caption@tempdima=\dimen294
\captionmargin=\dimen295
\caption@leftmargin=\dimen296
\caption@rightmargin=\dimen297
\caption@width=\dimen298
\caption@indent=\dimen299
\caption@parindent=\dimen300
\caption@hangindent=\dimen301
Package caption Info: beamer document class detected.

(/usr/share/texlive/texmf-dist/tex/latex/caption/caption-beamer.sto
File: caption-beamer.sto 2022/01/06 v2.0c Adaption of the caption package to th
e beamer document classes (AR)
))
\c@caption@flags=\count336
\c@continuedfloat=\count337
Package caption Info: hyperref package is loaded.
Package caption Info: Hyperref support is turned off
(caption)             because hyperref has stopped early.
)
(/usr/share/texlive/texmf-dist/tex/latex/pgf/frontendlayer/tikz.sty
(/usr/share/texlive/texmf-dist/tex/latex/pgf/basiclayer/pgf.sty
Package: pgf 2023-01-15 v3.1.10 (3.1.10)

(/usr/share/texlive/texmf-dist/tex/generic/pgf/modules/pgfmoduleshapes.code.tex
File: pgfmoduleshapes.code.tex 2023-01-15 v3.1.10 (3.1.10)
\pgfnodeparttextbox=\box76
) (/usr/share/texlive/texmf-dist/tex/generic/pgf/modules/pgfmoduleplot.code.tex
File: pgfmoduleplot.code.tex 2023-01-15 v3.1.10 (3.1.10)
)
(/usr/share/texlive/texmf-dist/tex/latex/pgf/compatibility/pgfcomp-version-0-65
.sty
Package: pgfcomp-version-0-65 2023-01-15 v3.1.10 (3.1.10)
\pgf@nodesepstart=\dimen302
\pgf@nodesepend=\dimen303
)
(/usr/share/texlive/texmf-dist/tex/latex/pgf/compatibility/pgfcomp-version-1-18
.sty
Package: pgfcomp-version-1-18 2023-01-15 v3.1.10 (3.1.10)
)) (/usr/share/texlive/texmf-dist/tex/latex/pgf/utilities/pgffor.sty
(/usr/share/texlive/texmf-dist/tex/generic/pgf/utilities/pgffor.code.tex
Package: pgffor 2023-01-15 v3.1.10 (3.1.10)
\pgffor@iter=\dimen304
\pgffor@skip=\dimen305
\pgffor@stack=\toks46
\pgffor@toks=\toks47
))
(/usr/share/texlive/texmf-dist/tex/generic/pgf/frontendlayer/tikz/tikz.code.tex
Package: tikz 2023-01-15 v3.1.10 (3.1.10)

(/usr/share/texlive/texmf-dist/tex/generic/pgf/libraries/pgflibraryplothandlers
.code.tex
File: pgflibraryplothandlers.code.tex 2023-01-15 v3.1.10 (3.1.10)
\pgf@plot@mark@count=\count338
\pgfplotmarksize=\dimen306
)
\tikz@lastx=\dimen307
\tikz@lasty=\dimen308
\tikz@lastxsaved=\dimen309
\tikz@lastysaved=\dimen310
\tikz@lastmovetox=\dimen311
\tikz@lastmovetoy=\dimen312
\tikzleveldistance=\dimen313
\tikzsiblingdistance=\dimen314
\tikz@figbox=\box77
\tikz@figbox@bg=\box78
\tikz@tempbox=\box79
\tikz@tempbox@bg=\box80
\tikztreelevel=\count339
\tikznumberofchildren=\count340
\tikznumberofcurrentchild=\count341
\tikz@fig@count=\count342

(/usr/share/texlive/texmf-dist/tex/generic/pgf/modules/pgfmodulematrix.code.tex
File: pgfmodulematrix.code.tex 2023-01-15 v3.1.10 (3.1.10)
\pgfmatrixcurrentrow=\count343
\pgfmatrixcurrentcolumn=\count344
\pgf@matrix@numberofcolumns=\count345
)
\tikz@expandcount=\count346

(/usr/share/texlive/texmf-dist/tex/generic/pgf/frontendlayer/tikz/libraries/tik
zlibrarytopaths.code.tex
File: tikzlibrarytopaths.code.tex 2023-01-15 v3.1.10 (3.1.10)
)))
(/usr/share/texlive/texmf-dist/tex/latex/comment/comment.sty
\CommentStream=\write5

Excluding comment 'comment')
(/usr/share/texlive/texmf-dist/tex/latex/caption/subcaption.sty
Package: subcaption 2023/07/28 v1.6b Sub-captions (AR)
Package caption Info: New subtype `subfigure' on input line 238.
\c@subfigure=\count347
Package caption Info: New subtype `subtable' on input line 238.
\c@subtable=\count348
)
(/usr/share/texlive/texmf-dist/tex/latex/tools/verbatim.sty
Package: verbatim 2023-11-06 v1.5v LaTeX2e package for verbatim enhancements
\every@verbatim=\toks48
\verbatim@line=\toks49
\verbatim@in@stream=\read3
)
(/usr/share/texlive/texmf-dist/tex/latex/natbib/bibentry.sty
Package: bibentry 2007/10/30 1.5 (PWD)
)
(/usr/share/texlive/texmf-dist/tex/latex/natbib/natbib.sty
Package: natbib 2010/09/13 8.31b (PWD, AO)
\bibhang=\skip65
\bibsep=\skip66
LaTeX Info: Redefining \cite on input line 694.
\c@NAT@ctr=\count349
)
(/usr/share/texlive/texmf-dist/tex/latex/base/textcomp.sty
Package: textcomp 2020/02/02 v2.0n Standard LaTeX package
)
(/usr/share/texlive/texmf-dist/tex/latex/movie15/movie15.sty
Package: movie15 2012/05/16

(/usr/share/texlive/texmf-dist/tex/latex/base/ifthen.sty
Package: ifthen 2022/04/13 v1.1d Standard LaTeX ifthen package (DPC)
)
(/usr/share/texlive/texmf-dist/tex/generic/iftex/ifpdf.sty
Package: ifpdf 2019/10/25 v3.4 ifpdf legacy package. Use iftex instead.
)
(/usr/share/texlive/texmf-dist/tex/latex/oberdiek/ifdraft.sty
Package: ifdraft 2016/05/16 v1.4 Detect class options draft and final (HO)
)
(/usr/share/texlive/texmf-dist/tex/latex/everyshi/everyshi.sty
Package: everyshi 2020/11/18 v4.00 EveryShipout Package
)
\@MXV@page=\count350
\@MXV@adict=\count351
\@MXV@aadict=\count352
\@MXV@includes=\count353
\@MXV@players=\count354
\@MXV@links=\count355
\@MXV@width=\dimen315
\@MXV@height=\dimen316
\@MXV@depth=\dimen317
\@MXV@totalheight=\dimen318
\@MXV@@boxdepth=\dimen319
\@MXV@traiselen=\dimen320
\@MXV@braiselen=\dimen321
\@MXV@start=\dimen322
\@MXV@end=\dimen323
\@MXV@textbox=\box81
)
(./beamerthemeFeather.sty
Package: beamerthemeFeather 2014/04/08 v1.0.0 The Feather Beamer Theme

(/usr/share/texlive/texmf-dist/tex/latex/tools/calc.sty
Package: calc 2023/07/08 v4.3 Infix arithmetic (KKT,FJ)
\calc@Acount=\count356
\calc@Bcount=\count357
\calc@Adimen=\dimen324
\calc@Bdimen=\dimen325
\calc@Askip=\skip67
\calc@Bskip=\skip68
LaTeX Info: Redefining \setlength on input line 80.
LaTeX Info: Redefining \addtolength on input line 81.
\calc@Ccount=\count358
\calc@Cskip=\skip69
)
(./beamerinnerthemeFeather.sty
Package: beamerinnerthemeFeather 2014/04/08 v1.0.0 The Feather Beamer Theme
) (./beamerouterthemeFeather.sty
Package: beamerouterthemeFeather 2014/04/08 v1.0.0 The Feather Beamer Theme
\beamer@height=\skip70
\beamer@logoradius=\skip71
\beamer@borderwidth=\skip72
\beamer@logoinnerradius=\skip73
\beamer@logoouterradius=\skip74
\beamer@counterradius=\skip75
)
(./beamercolorthemeFeather.sty
Package: beamercolorthemeFeather 2014/04/08 v1.0.0 The Feather Beamer Theme
))
(/usr/share/texlive/texmf-dist/tex/latex/base/inputenc.sty
Package: inputenc 2021/02/14 v1.3d Input encoding file
\inpenc@prehook=\toks50
\inpenc@posthook=\toks51
)
(/usr/share/texlive/texmf-dist/tex/generic/babel/babel.sty
Package: babel 2024/01/07 v24.1 The Babel package
\babel@savecnt=\count359
\U@D=\dimen326
\l@unhyphenated=\language10

(/usr/share/texlive/texmf-dist/tex/generic/babel/txtbabel.def)
\bbl@readstream=\read4
LaTeX Info: Redefining \textlatin on input line 3986.
\bbl@dirlevel=\count360

(/usr/share/texlive/texmf-dist/tex/generic/babel-spanish/spanish.ldf
Language: spanish.ldf 2021/05/27 v5.0q Spanish support from the babel system
\es@quottoks=\toks52
\es@quotdepth=\count361
Package babel Info: Making " an active character on input line 570.
Package babel Info: Making . an active character on input line 675.
Package babel Info: Making < an active character on input line 722.
Package babel Info: Making > an active character on input line 722.
))
(/usr/share/texlive/texmf-dist/tex/generic/babel/locale/es/babel-spanish.tex
Package babel Info: Importing font and identification data for spanish
(babel)             from babel-es.ini. Reported on input line 11.
)
(/usr/share/texlive/texmf-dist/tex/latex/base/fontenc.sty
Package: fontenc 2021/04/29 v2.0v Standard LaTeX package
)
(/usr/share/texlive/texmf-dist/tex/latex/psnfss/helvet.sty
Package: helvet 2020/03/25 PSNFSS-v9.3 (WaS) 
)

Package hyperref Warning: Token not allowed in a PDF string (Unicode):
(hyperref)                removing `\\' on input line 98.


Package hyperref Warning: Token not allowed in a PDF string (Unicode):
(hyperref)                removing `\new@ifnextchar' on input line 98.

LaTeX Font Info:    Trying to load font information for T1+phv on input line 11
8.
(/usr/share/texlive/texmf-dist/tex/latex/psnfss/t1phv.fd
File: t1phv.fd 2020/03/25 scalable font definitions for T1/phv.
)
(/usr/share/texlive/texmf-dist/tex/latex/l3backend/l3backend-pdftex.def
File: l3backend-pdftex.def 2024-01-04 L3 backend support: PDF output (pdfTeX)
\l__color_backend_stack_int=\count362
\l__pdf_internal_box=\box82
)
(./Feathertheme.aux
LaTeX Info: Redefining \. on input line 11.
LaTeX Info: Redefining \% on input line 11.


LaTeX Warning: Label `fig7:a' multiply defined.


LaTeX Warning: Label `sub@fig7:a' multiply defined.


LaTeX Warning: Label `fig7:b' multiply defined.


LaTeX Warning: Label `sub@fig7:b' multiply defined.


LaTeX Warning: Label `fig7:c' multiply defined.


LaTeX Warning: Label `sub@fig7:c' multiply defined.


LaTeX Warning: Label `fig7:d' multiply defined.


LaTeX Warning: Label `sub@fig7:d' multiply defined.


LaTeX Warning: Label `poresfrustrules' multiply defined.


LaTeX Warning: Label `fig7:a' multiply defined.


LaTeX Warning: Label `sub@fig7:a' multiply defined.


LaTeX Warning: Label `fig7:b' multiply defined.


LaTeX Warning: Label `sub@fig7:b' multiply defined.


LaTeX Warning: Label `fig7:c' multiply defined.


LaTeX Warning: Label `sub@fig7:c' multiply defined.


LaTeX Warning: Label `fig7:d' multiply defined.


LaTeX Warning: Label `sub@fig7:d' multiply defined.


LaTeX Warning: Label `poresfrustrules' multiply defined.

)
\openout1 = `Feathertheme.aux'.

LaTeX Font Info:    Checking defaults for OML/cmm/m/it on input line 118.
LaTeX Font Info:    ... okay on input line 118.
LaTeX Font Info:    Checking defaults for OMS/cmsy/m/n on input line 118.
LaTeX Font Info:    ... okay on input line 118.
LaTeX Font Info:    Checking defaults for OT1/cmr/m/n on input line 118.
LaTeX Font Info:    ... okay on input line 118.
LaTeX Font Info:    Checking defaults for T1/cmr/m/n on input line 118.
LaTeX Font Info:    ... okay on input line 118.
LaTeX Font Info:    Checking defaults for TS1/cmr/m/n on input line 118.
LaTeX Font Info:    ... okay on input line 118.
LaTeX Font Info:    Checking defaults for OMX/cmex/m/n on input line 118.
LaTeX Font Info:    ... okay on input line 118.
LaTeX Font Info:    Checking defaults for U/cmr/m/n on input line 118.
LaTeX Font Info:    ... okay on input line 118.
LaTeX Font Info:    Checking defaults for PD1/pdf/m/n on input line 118.
LaTeX Font Info:    ... okay on input line 118.
LaTeX Font Info:    Checking defaults for PU/pdf/m/n on input line 118.
LaTeX Font Info:    ... okay on input line 118.

*geometry* driver: auto-detecting
*geometry* detected driver: pdftex
*geometry* verbose mode - [ preamble ] result:
* driver: pdftex
* paper: custom
* layout: <same size as paper>
* layoutoffset:(h,v)=(0.0pt,0.0pt)
* modes: includehead includefoot 
* h-part:(L,W,R)=(28.45274pt, 398.3386pt, 28.45274pt)
* v-part:(T,H,B)=(0.0pt, 284.52756pt, 0.0pt)
* \paperwidth=455.24408pt
* \paperheight=284.52756pt
* \textwidth=398.3386pt
* \textheight=256.07483pt
* \oddsidemargin=-43.81725pt
* \evensidemargin=-43.81725pt
* \topmargin=-72.26999pt
* \headheight=14.22636pt
* \headsep=0.0pt
* \topskip=10.0pt
* \footskip=14.22636pt
* \marginparwidth=3.0pt
* \marginparsep=11.0pt
* \columnsep=10.0pt
* \skip\footins=9.0pt plus 4.0pt minus 2.0pt
* \hoffset=0.0pt
* \voffset=0.0pt
* \mag=1000
* \@twocolumnfalse
* \@twosidefalse
* \@mparswitchfalse
* \@reversemarginfalse
* (1in=72.27pt=25.4mm, 1cm=28.453pt)

(/usr/share/texlive/texmf-dist/tex/context/base/mkii/supp-pdf.mkii
[Loading MPS to PDF converter (version 2006.09.02).]
\scratchcounter=\count363
\scratchdimen=\dimen327
\scratchbox=\box83
\nofMPsegments=\count364
\nofMParguments=\count365
\everyMPshowfont=\toks53
\MPscratchCnt=\count366
\MPscratchDim=\dimen328
\MPnumerator=\count367
\makeMPintoPDFobject=\count368
\everyMPtoPDFconversion=\toks54
) (/usr/share/texlive/texmf-dist/tex/latex/epstopdf-pkg/epstopdf-base.sty
Package: epstopdf-base 2020-01-24 v2.11 Base part for package epstopdf

(/usr/share/texlive/texmf-dist/tex/latex/grfext/grfext.sty
Package: grfext 2019/12/03 v1.3 Manage graphics extensions (HO)
)
Package epstopdf-base Info: Redefining graphics rule for `.eps' on input line 4
85.
Package grfext Info: Graphics extension search list:
(grfext)             [.pdf,.png,.jpg,.mps,.jpeg,.jbig2,.jb2,.PDF,.PNG,.JPG,.JPE
G,.JBIG2,.JB2,.eps]
(grfext)             \AppendGraphicsExtensions on input line 504.

(/usr/share/texlive/texmf-dist/tex/latex/latexconfig/epstopdf-sys.cfg
File: epstopdf-sys.cfg 2010/07/13 v1.3 Configuration of (r)epstopdf for TeX Liv
e
))
Package hyperref Info: Link coloring OFF on input line 118.

(./Feathertheme.out) (./Feathertheme.out)
\@outlinefile=\write6
\openout6 = `Feathertheme.out'.

LaTeX Font Info:    Overwriting symbol font `operators' in version `normal'
(Font)                  OT1/cmr/m/n --> OT1/cmss/m/n on input line 118.
LaTeX Font Info:    Overwriting symbol font `operators' in version `bold'
(Font)                  OT1/cmr/bx/n --> OT1/cmss/b/n on input line 118.
\symnumbers=\mathgroup6
\sympureletters=\mathgroup7
LaTeX Font Info:    Overwriting math alphabet `\mathrm' in version `normal'
(Font)                  OT1/cmss/m/n --> T1/cmr/m/n on input line 118.
LaTeX Font Info:    Redeclaring math alphabet \mathbf on input line 118.
LaTeX Font Info:    Overwriting math alphabet `\mathbf' in version `normal'
(Font)                  OT1/cmr/bx/n --> T1/phv/b/n on input line 118.
LaTeX Font Info:    Overwriting math alphabet `\mathbf' in version `bold'
(Font)                  OT1/cmr/bx/n --> T1/phv/b/n on input line 118.
LaTeX Font Info:    Redeclaring math alphabet \mathsf on input line 118.
LaTeX Font Info:    Overwriting math alphabet `\mathsf' in version `normal'
(Font)                  OT1/cmss/m/n --> T1/phv/m/n on input line 118.
LaTeX Font Info:    Overwriting math alphabet `\mathsf' in version `bold'
(Font)                  OT1/cmss/bx/n --> T1/phv/m/n on input line 118.
LaTeX Font Info:    Redeclaring math alphabet \mathit on input line 118.
LaTeX Font Info:    Overwriting math alphabet `\mathit' in version `normal'
(Font)                  OT1/cmr/m/it --> T1/phv/m/it on input line 118.
LaTeX Font Info:    Overwriting math alphabet `\mathit' in version `bold'
(Font)                  OT1/cmr/bx/it --> T1/phv/m/it on input line 118.
LaTeX Font Info:    Redeclaring math alphabet \mathtt on input line 118.
LaTeX Font Info:    Overwriting math alphabet `\mathtt' in version `normal'
(Font)                  OT1/cmtt/m/n --> T1/cmtt/m/n on input line 118.
LaTeX Font Info:    Overwriting math alphabet `\mathtt' in version `bold'
(Font)                  OT1/cmtt/m/n --> T1/cmtt/m/n on input line 118.
LaTeX Font Info:    Overwriting symbol font `numbers' in version `bold'
(Font)                  T1/phv/m/n --> T1/phv/b/n on input line 118.
LaTeX Font Info:    Overwriting symbol font `pureletters' in version `bold'
(Font)                  T1/phv/m/it --> T1/phv/b/it on input line 118.
LaTeX Font Info:    Overwriting math alphabet `\mathrm' in version `bold'
(Font)                  OT1/cmss/b/n --> T1/cmr/b/n on input line 118.
LaTeX Font Info:    Overwriting math alphabet `\mathbf' in version `bold'
(Font)                  T1/phv/b/n --> T1/phv/b/n on input line 118.
LaTeX Font Info:    Overwriting math alphabet `\mathsf' in version `bold'
(Font)                  T1/phv/m/n --> T1/phv/b/n on input line 118.
LaTeX Font Info:    Overwriting math alphabet `\mathit' in version `bold'
(Font)                  T1/phv/m/it --> T1/phv/b/it on input line 118.
LaTeX Font Info:    Overwriting math alphabet `\mathtt' in version `bold'
(Font)                  T1/cmtt/m/n --> T1/cmtt/b/n on input line 118.

(/usr/share/texlive/texmf-dist/tex/latex/translator/translator-basic-dictionary
-English.dict
Dictionary: translator-basic-dictionary, Language: English 
)
(/usr/share/texlive/texmf-dist/tex/latex/translator/translator-bibliography-dic
tionary-English.dict
Dictionary: translator-bibliography-dictionary, Language: English 
)
(/usr/share/texlive/texmf-dist/tex/latex/translator/translator-environment-dict
ionary-English.dict
Dictionary: translator-environment-dictionary, Language: English 
)
(/usr/share/texlive/texmf-dist/tex/latex/translator/translator-months-dictionar
y-English.dict
Dictionary: translator-months-dictionary, Language: English 
)
(/usr/share/texlive/texmf-dist/tex/latex/translator/translator-numbers-dictiona
ry-English.dict
Dictionary: translator-numbers-dictionary, Language: English 
)
(/usr/share/texlive/texmf-dist/tex/latex/translator/translator-theorem-dictiona
ry-English.dict
Dictionary: translator-theorem-dictionary, Language: English 
)
Package caption Info: Begin \AtBeginDocument code.
Package caption Info: End \AtBeginDocument code.
LaTeX Info: Redefining \. on input line 118.
LaTeX Info: Redefining \% on input line 118.
 (./Feathertheme.nav)
<Feathergraphics/circle_logo.png, id=54, 362.153pt x 401.5pt>
File: Feathergraphics/circle_logo.png Graphic file (type png)
<use Feathergraphics/circle_logo.png>
Package pdftex.def Info: Feathergraphics/circle_logo.png  used on input line 11
8.
(pdftex.def)             Requested size: 25.64984pt x 28.43256pt.

Missing character: There is no ; in font nullfont!
File: Feathergraphics/circle_logo.png Graphic file (type png)
<use Feathergraphics/circle_logo.png>
Package pdftex.def Info: Feathergraphics/circle_logo.png  used on input line 12
7.
(pdftex.def)             Requested size: 25.64984pt x 28.43256pt.
Missing character: There is no ; in font nullfont!
LaTeX Font Info:    Trying to load font information for T1+cmtt on input line 1
27.
(/usr/share/texlive/texmf-dist/tex/latex/base/t1cmtt.fd
File: t1cmtt.fd 2023/04/13 v2.5m Standard LaTeX font definitions
)
LaTeX Font Info:    Trying to load font information for U+msa on input line 127
.

(/usr/share/texlive/texmf-dist/tex/latex/amsfonts/umsa.fd
File: umsa.fd 2013/01/14 v3.01 AMS symbols A
)
LaTeX Font Info:    Trying to load font information for U+msb on input line 127
.

(/usr/share/texlive/texmf-dist/tex/latex/amsfonts/umsb.fd
File: umsb.fd 2013/01/14 v3.01 AMS symbols B
)
LaTeX Font Info:    Font shape `T1/phv/m/it' in size <10> not available
(Font)              Font shape `T1/phv/m/sl' tried instead on input line 127.
LaTeX Font Info:    Font shape `T1/phv/m/it' in size <7> not available
(Font)              Font shape `T1/phv/m/sl' tried instead on input line 127.
LaTeX Font Info:    Font shape `T1/phv/m/it' in size <5> not available
(Font)              Font shape `T1/phv/m/sl' tried instead on input line 127.
<Feathergraphics/unam.pdf, id=77, 71.13194pt x 71.13194pt>
File: Feathergraphics/unam.pdf Graphic file (type pdf)
<use Feathergraphics/unam.pdf>
Package pdftex.def Info: Feathergraphics/unam.pdf  used on input line 127.
(pdftex.def)             Requested size: 113.81076pt x 170.71614pt.
<logofac.png, id=78, 449.68pt x 513.92pt>
File: logofac.png Graphic file (type png)
<use logofac.png>
Package pdftex.def Info: logofac.png  used on input line 127.
(pdftex.def)             Requested size: 73.85068pt x 202.98268pt.
 [1

{/var/lib/texmf/fonts/map/pdftex/updmap/pdftex.map} <./Feathergraphics/unam.pdf
> <./logofac.png>]
File: Feathergraphics/circle_logo.png Graphic file (type png)
<use Feathergraphics/circle_logo.png>
Package pdftex.def Info: Feathergraphics/circle_logo.png  used on input line 20
5.
(pdftex.def)             Requested size: 25.64984pt x 28.43256pt.
Missing character: There is no ; in font nullfont!
LaTeX Font Info:    Font shape `T1/phv/m/it' in size <14.4> not available
(Font)              Font shape `T1/phv/m/sl' tried instead on input line 205.
File: Feathergraphics/circle_logo.png Graphic file (type png)
<use Feathergraphics/circle_logo.png>
Package pdftex.def Info: Feathergraphics/circle_logo.png  used on input line 20
5.
(pdftex.def)             Requested size: 25.64984pt x 28.43256pt.
Missing character: There is no ; in font nullfont!
[2{/usr/share/texlive/texmf-dist/fonts/enc/dvips/base/8r.enc}

 <./Feathergraphics/circle_logo.png>]
File: Feathergraphics/circle_logo.png Graphic file (type png)
<use Feathergraphics/circle_logo.png>
Package pdftex.def Info: Feathergraphics/circle_logo.png  used on input line 20
5.
(pdftex.def)             Requested size: 25.64984pt x 28.43256pt.

Missing character: There is no ; in font nullfont!
[3

]
File: Feathergraphics/circle_logo.png Graphic file (type png)
<use Feathergraphics/circle_logo.png>
Package pdftex.def Info: Feathergraphics/circle_logo.png  used on input line 20
5.
(pdftex.def)             Requested size: 25.64984pt x 28.43256pt.

Missing character: There is no ; in font nullfont!
[4

]
Overfull \hbox (6.88187pt too wide) in paragraph at lines 205--205
[]  
 []

File: Feathergraphics/circle_logo.png Graphic file (type png)
<use Feathergraphics/circle_logo.png>
Package pdftex.def Info: Feathergraphics/circle_logo.png  used on input line 20
5.
(pdftex.def)             Requested size: 25.64984pt x 28.43256pt.
Missing character: There is no ; in font nullfont!
[5

]
File: Feathergraphics/circle_logo.png Graphic file (type png)
<use Feathergraphics/circle_logo.png>
Package pdftex.def Info: Feathergraphics/circle_logo.png  used on input line 21
8.
(pdftex.def)             Requested size: 25.64984pt x 28.43256pt.

Missing character: There is no ; in font nullfont!
File: Feathergraphics/circle_logo.png Graphic file (type png)
<use Feathergraphics/circle_logo.png>
Package pdftex.def Info: Feathergraphics/circle_logo.png  used on input line 21
8.
(pdftex.def)             Requested size: 25.64984pt x 28.43256pt.
Missing character: There is no ; in font nullfont!
[6

]
File: Feathergraphics/circle_logo.png Graphic file (type png)
<use Feathergraphics/circle_logo.png>
Package pdftex.def Info: Feathergraphics/circle_logo.png  used on input line 43
4.
(pdftex.def)             Requested size: 25.64984pt x 28.43256pt.

Missing character: There is no ; in font nullfont!
File: Feathergraphics/circle_logo.png Graphic file (type png)
<use Feathergraphics/circle_logo.png>
Package pdftex.def Info: Feathergraphics/circle_logo.png  used on input line 43
4.
(pdftex.def)             Requested size: 25.64984pt x 28.43256pt.
Missing character: There is no ; in font nullfont!
[7

]
<lago.jpeg, id=335, 1606.0pt x 1204.5pt>
File: lago.jpeg Graphic file (type jpg)
<use lago.jpeg>
Package pdftex.def Info: lago.jpeg  used on input line 434.
(pdftex.def)             Requested size: 87.63187pt x 56.90189pt.
<mar.jpeg, id=336, 2055.68pt x 1542.76375pt>
File: mar.jpeg Graphic file (type jpg)
<use mar.jpeg>
Package pdftex.def Info: mar.jpeg  used on input line 434.
(pdftex.def)             Requested size: 87.60834pt x 56.89774pt.
<lodo.jpeg, id=337, 2055.68pt x 1542.76375pt>
File: lodo.jpeg Graphic file (type jpg)
<use lodo.jpeg>
Package pdftex.def Info: lodo.jpeg  used on input line 434.
(pdftex.def)             Requested size: 87.60834pt x 56.89774pt.
<ice.png, id=338, 1038.88126pt x 638.385pt>
File: ice.png Graphic file (type png)
<use ice.png>
Package pdftex.def Info: ice.png  used on input line 434.
(pdftex.def)             Requested size: 87.63002pt x 56.89693pt.
File: Feathergraphics/circle_logo.png Graphic file (type png)
<use Feathergraphics/circle_logo.png>
Package pdftex.def Info: Feathergraphics/circle_logo.png  used on input line 43
4.
(pdftex.def)             Requested size: 25.64984pt x 28.43256pt.

Missing character: There is no ; in font nullfont!
[8

 <./lago.jpeg> <./mar.jpeg> <./lodo.jpeg> <./ice.png>]
File: Feathergraphics/circle_logo.png Graphic file (type png)
<use Feathergraphics/circle_logo.png>
Package pdftex.def Info: Feathergraphics/circle_logo.png  used on input line 43
4.
(pdftex.def)             Requested size: 25.64984pt x 28.43256pt.

Missing character: There is no ; in font nullfont!
[9

]
File: Feathergraphics/circle_logo.png Graphic file (type png)
<use Feathergraphics/circle_logo.png>
Package pdftex.def Info: Feathergraphics/circle_logo.png  used on input line 43
4.
(pdftex.def)             Requested size: 25.64984pt x 28.43256pt.

Missing character: There is no ; in font nullfont!
[10

]
<pen1.png, id=420, 389.455pt x 388.45125pt>
File: pen1.png Graphic file (type png)
<use pen1.png>
Package pdftex.def Info: pen1.png  used on input line 434.
(pdftex.def)             Requested size: 119.49968pt x 56.90189pt.
LaTeX Font Info:    Font shape `T1/phv/b/it' in size <5> not available
(Font)              Font shape `T1/phv/b/sl' tried instead on input line 434.
<pen2.png, id=421, 339.2675pt x 340.27126pt>
File: pen2.png Graphic file (type png)
<use pen2.png>
Package pdftex.def Info: pen2.png  used on input line 434.
(pdftex.def)             Requested size: 119.5012pt x 56.90556pt.
<cen1.jpeg, id=422, 37.00224pt x 27.75168pt>
File: cen1.jpeg Graphic file (type jpg)
<use cen1.jpeg>
Package pdftex.def Info: cen1.jpeg  used on input line 434.
(pdftex.def)             Requested size: 119.5094pt x 56.90862pt.
<cen2.jpeg, id=423, 1397.22pt x 1397.22pt>
File: cen2.jpeg Graphic file (type jpg)
<use cen2.jpeg>
Package pdftex.def Info: cen2.jpeg  used on input line 434.
(pdftex.def)             Requested size: 119.49767pt x 56.90263pt.

Overfull \vbox (3.64476pt too high) detected at line 434
 []

File: Feathergraphics/circle_logo.png Graphic file (type png)
<use Feathergraphics/circle_logo.png>
Package pdftex.def Info: Feathergraphics/circle_logo.png  used on input line 43
4.
(pdftex.def)             Requested size: 25.64984pt x 28.43256pt.
Missing character: There is no ; in font nullfont!
[11

 <./pen1.png> <./pen2.png> <./cen1.jpeg> <./cen2.jpeg>]
File: pen1.png Graphic file (type png)
<use pen1.png>
Package pdftex.def Info: pen1.png  used on input line 434.
(pdftex.def)             Requested size: 119.49968pt x 56.90189pt.
File: pen2.png Graphic file (type png)
<use pen2.png>
Package pdftex.def Info: pen2.png  used on input line 434.
(pdftex.def)             Requested size: 119.5012pt x 56.90556pt.
File: cen1.jpeg Graphic file (type jpg)
<use cen1.jpeg>
Package pdftex.def Info: cen1.jpeg  used on input line 434.
(pdftex.def)             Requested size: 119.5094pt x 56.90862pt.
File: cen2.jpeg Graphic file (type jpg)
<use cen2.jpeg>
Package pdftex.def Info: cen2.jpeg  used on input line 434.
(pdftex.def)             Requested size: 119.49767pt x 56.90263pt.

Overfull \vbox (3.64476pt too high) detected at line 434
 []

File: Feathergraphics/circle_logo.png Graphic file (type png)
<use Feathergraphics/circle_logo.png>
Package pdftex.def Info: Feathergraphics/circle_logo.png  used on input line 43
4.
(pdftex.def)             Requested size: 25.64984pt x 28.43256pt.
Missing character: There is no ; in font nullfont!
[12

]
<Frustrulespictures/Screen Shot 2023-07-02 at 8.24.59 PM.png, id=482, 187.70125
pt x 161.60374pt>
File: Frustrulespictures/Screen Shot 2023-07-02 at 8.24.59 PM.png Graphic file 
(type png)
<use Frustrulespictures/Screen Shot 2023-07-02 at 8.24.59 PM.png>
Package pdftex.def Info: Frustrulespictures/Screen Shot 2023-07-02 at 8.24.59 P
M.png  used on input line 434.
(pdftex.def)             Requested size: 71.69934pt x 61.73062pt.
<Frustrulespictures/Screen Shot 2023-07-02 at 8.25.32 PM.png, id=483, 187.70125
pt x 161.60374pt>
File: Frustrulespictures/Screen Shot 2023-07-02 at 8.25.32 PM.png Graphic file 
(type png)
<use Frustrulespictures/Screen Shot 2023-07-02 at 8.25.32 PM.png>
Package pdftex.def Info: Frustrulespictures/Screen Shot 2023-07-02 at 8.25.32 P
M.png  used on input line 434.
(pdftex.def)             Requested size: 71.69934pt x 61.73062pt.
<Frustrulespictures/Screen Shot 2023-07-02 at 8.25.17 PM.png, id=484, 187.70125
pt x 161.60374pt>
File: Frustrulespictures/Screen Shot 2023-07-02 at 8.25.17 PM.png Graphic file 
(type png)
<use Frustrulespictures/Screen Shot 2023-07-02 at 8.25.17 PM.png>
Package pdftex.def Info: Frustrulespictures/Screen Shot 2023-07-02 at 8.25.17 P
M.png  used on input line 434.
(pdftex.def)             Requested size: 71.69934pt x 61.73062pt.
<Frustrulespictures/Screen Shot 2023-07-02 at 8.25.43 PM.png, id=485, 187.70125
pt x 161.60374pt>
File: Frustrulespictures/Screen Shot 2023-07-02 at 8.25.43 PM.png Graphic file 
(type png)
<use Frustrulespictures/Screen Shot 2023-07-02 at 8.25.43 PM.png>
Package pdftex.def Info: Frustrulespictures/Screen Shot 2023-07-02 at 8.25.43 P
M.png  used on input line 434.
(pdftex.def)             Requested size: 71.69934pt x 61.73062pt.

Overfull \vbox (1.29182pt too high) detected at line 434
 []

File: Feathergraphics/circle_logo.png Graphic file (type png)
<use Feathergraphics/circle_logo.png>
Package pdftex.def Info: Feathergraphics/circle_logo.png  used on input line 43
4.
(pdftex.def)             Requested size: 25.64984pt x 28.43256pt.
Missing character: There is no ; in font nullfont!
[13

 <./Frustrulespictures/Screen Shot 2023-07-02 at 8.24.59 PM.png> <./Frustrulesp
ictures/Screen Shot 2023-07-02 at 8.25.32 PM.png> <./Frustrulespictures/Screen 
Shot 2023-07-02 at 8.25.17 PM.png> <./Frustrulespictures/Screen Shot 2023-07-02
 at 8.25.43 PM.png>]
File: Feathergraphics/circle_logo.png Graphic file (type png)
<use Feathergraphics/circle_logo.png>
Package pdftex.def Info: Feathergraphics/circle_logo.png  used on input line 43
4.
(pdftex.def)             Requested size: 25.64984pt x 28.43256pt.

Missing character: There is no ; in font nullfont!
[14

]
File: Feathergraphics/circle_logo.png Graphic file (type png)
<use Feathergraphics/circle_logo.png>
Package pdftex.def Info: Feathergraphics/circle_logo.png  used on input line 45
1.
(pdftex.def)             Requested size: 25.64984pt x 28.43256pt.

Missing character: There is no ; in font nullfont!
<Microscopeinvertedtrain.png, id=578, 628.3475pt x 507.8975pt>
File: Microscopeinvertedtrain.png Graphic file (type png)
<use Microscopeinvertedtrain.png>
Package pdftex.def Info: Microscopeinvertedtrain.png  used on input line 451.
(pdftex.def)             Requested size: 188.50569pt x 152.37042pt.
File: Feathergraphics/circle_logo.png Graphic file (type png)
<use Feathergraphics/circle_logo.png>
Package pdftex.def Info: Feathergraphics/circle_logo.png  used on input line 45
1.
(pdftex.def)             Requested size: 25.64984pt x 28.43256pt.
Missing character: There is no ; in font nullfont!
[15

 <./Microscopeinvertedtrain.png>]
File: Feathergraphics/circle_logo.png Graphic file (type png)
<use Feathergraphics/circle_logo.png>
Package pdftex.def Info: Feathergraphics/circle_logo.png  used on input line 60
3.
(pdftex.def)             Requested size: 25.64984pt x 28.43256pt.

Missing character: There is no ; in font nullfont!
File: Feathergraphics/circle_logo.png Graphic file (type png)
<use Feathergraphics/circle_logo.png>
Package pdftex.def Info: Feathergraphics/circle_logo.png  used on input line 60
3.
(pdftex.def)             Requested size: 25.64984pt x 28.43256pt.
Missing character: There is no ; in font nullfont!
[16

]
<foton2.png, id=668, 431.36156pt x 266.49562pt>
File: foton2.png Graphic file (type png)
<use foton2.png>
Package pdftex.def Info: foton2.png  used on input line 603.
(pdftex.def)             Requested size: 194.1109pt x 119.92192pt.
File: Feathergraphics/circle_logo.png Graphic file (type png)
<use Feathergraphics/circle_logo.png>
Package pdftex.def Info: Feathergraphics/circle_logo.png  used on input line 60
3.
(pdftex.def)             Requested size: 25.64984pt x 28.43256pt.

Missing character: There is no ; in font nullfont!
[17

 <./foton2.png>]
File: Feathergraphics/circle_logo.png Graphic file (type png)
<use Feathergraphics/circle_logo.png>
Package pdftex.def Info: Feathergraphics/circle_logo.png  used on input line 60
3.
(pdftex.def)             Requested size: 25.64984pt x 28.43256pt.

Missing character: There is no ; in font nullfont!
[18

]
File: Feathergraphics/circle_logo.png Graphic file (type png)
<use Feathergraphics/circle_logo.png>
Package pdftex.def Info: Feathergraphics/circle_logo.png  used on input line 60
3.
(pdftex.def)             Requested size: 25.64984pt x 28.43256pt.

Missing character: There is no ; in font nullfont!
[19

]
<beadrayoptics2.png, id=753, 1257.69875pt x 841.1425pt>
File: beadrayoptics2.png Graphic file (type png)
<use beadrayoptics2.png>
Package pdftex.def Info: beadrayoptics2.png  used on input line 603.
(pdftex.def)             Requested size: 201.2359pt x 134.58554pt.
File: Feathergraphics/circle_logo.png Graphic file (type png)
<use Feathergraphics/circle_logo.png>
Package pdftex.def Info: Feathergraphics/circle_logo.png  used on input line 60
3.
(pdftex.def)             Requested size: 25.64984pt x 28.43256pt.

Missing character: There is no ; in font nullfont!
[20

 <./beadrayoptics2.png>]
<Imagenes teoria/Optical tweezer diagrams/finallyopticaltweezer.png, id=781, 59
7.73312pt x 845.40843pt>
File: Imagenes teoria/Optical tweezer diagrams/finallyopticaltweezer.png Graphi
c file (type png)
<use Imagenes teoria/Optical tweezer diagrams/finallyopticaltweezer.png>
Package pdftex.def Info: Imagenes teoria/Optical tweezer diagrams/finallyoptica
ltweezer.png  used on input line 603.
(pdftex.def)             Requested size: 200.10307pt x 170.67694pt.
File: Feathergraphics/circle_logo.png Graphic file (type png)
<use Feathergraphics/circle_logo.png>
Package pdftex.def Info: Feathergraphics/circle_logo.png  used on input line 60
3.
(pdftex.def)             Requested size: 25.64984pt x 28.43256pt.

Missing character: There is no ; in font nullfont!
[21

 <./Imagenes teoria/Optical tweezer diagrams/finallyopticaltweezer.png>]
File: Feathergraphics/circle_logo.png Graphic file (type png)
<use Feathergraphics/circle_logo.png>
Package pdftex.def Info: Feathergraphics/circle_logo.png  used on input line 60
3.
(pdftex.def)             Requested size: 25.64984pt x 28.43256pt.

Missing character: There is no ; in font nullfont!
[22

]
File: Feathergraphics/circle_logo.png Graphic file (type png)
<use Feathergraphics/circle_logo.png>
Package pdftex.def Info: Feathergraphics/circle_logo.png  used on input line 60
3.
(pdftex.def)             Requested size: 25.64984pt x 28.43256pt.

Missing character: There is no ; in font nullfont!
[23

]
File: Feathergraphics/circle_logo.png Graphic file (type png)
<use Feathergraphics/circle_logo.png>
Package pdftex.def Info: Feathergraphics/circle_logo.png  used on input line 60
3.
(pdftex.def)             Requested size: 25.64984pt x 28.43256pt.

Missing character: There is no ; in font nullfont!
[24

]
<Screenshot 2025-03-05 004832.png, id=891, 504.38437pt x 374.90062pt>
File: Screenshot 2025-03-05 004832.png Graphic file (type png)
<use Screenshot 2025-03-05 004832.png>
Package pdftex.def Info: Screenshot 2025-03-05 004832.png  used on input line 6
03.
(pdftex.def)             Requested size: 176.53717pt x 131.21718pt.
File: Feathergraphics/circle_logo.png Graphic file (type png)
<use Feathergraphics/circle_logo.png>
Package pdftex.def Info: Feathergraphics/circle_logo.png  used on input line 60
3.
(pdftex.def)             Requested size: 25.64984pt x 28.43256pt.

Missing character: There is no ; in font nullfont!
[25

 <./Screenshot 2025-03-05 004832.png>]
File: Feathergraphics/circle_logo.png Graphic file (type png)
<use Feathergraphics/circle_logo.png>
Package pdftex.def Info: Feathergraphics/circle_logo.png  used on input line 66
0.
(pdftex.def)             Requested size: 25.64984pt x 28.43256pt.

Missing character: There is no ; in font nullfont!
<microfluidicinaction.png, id=940, 420.57124pt x 280.04625pt>
File: microfluidicinaction.png Graphic file (type png)
<use microfluidicinaction.png>
Package pdftex.def Info: microfluidicinaction.png  used on input line 660.
(pdftex.def)             Requested size: 147.20213pt x 98.01764pt.
File: Feathergraphics/circle_logo.png Graphic file (type png)
<use Feathergraphics/circle_logo.png>
Package pdftex.def Info: Feathergraphics/circle_logo.png  used on input line 66
0.
(pdftex.def)             Requested size: 25.64984pt x 28.43256pt.
Missing character: There is no ; in font nullfont!
[26

 <./microfluidicinaction.png>]
<Diatomsexperimentalmethods/Microfluidics designs/Screen Shot 2024-01-17 at 5.3
4.18 PM.png, id=970, 484.81125pt x 395.4775pt>
File: Diatomsexperimentalmethods/Microfluidics designs/Screen Shot 2024-01-17 a
t 5.34.18 PM.png Graphic file (type png)
<use Diatomsexperimentalmethods/Microfluidics designs/Screen Shot 2024-01-17 at
 5.34.18 PM.png>
Package pdftex.def Info: Diatomsexperimentalmethods/Microfluidics designs/Scree
n Shot 2024-01-17 at 5.34.18 PM.png  used on input line 660.
(pdftex.def)             Requested size: 193.92105pt x 133.15025pt.
File: Feathergraphics/circle_logo.png Graphic file (type png)
<use Feathergraphics/circle_logo.png>
Package pdftex.def Info: Feathergraphics/circle_logo.png  used on input line 66
0.
(pdftex.def)             Requested size: 25.64984pt x 28.43256pt.

Missing character: There is no ; in font nullfont!
[27

 <./Diatomsexperimentalmethods/Microfluidics designs/Screen Shot 2024-01-17 at 
5.34.18 PM.png>]
File: Feathergraphics/circle_logo.png Graphic file (type png)
<use Feathergraphics/circle_logo.png>
Package pdftex.def Info: Feathergraphics/circle_logo.png  used on input line 66
0.
(pdftex.def)             Requested size: 25.64984pt x 28.43256pt.

Missing character: There is no ; in font nullfont!
[28

]
File: Feathergraphics/circle_logo.png Graphic file (type png)
<use Feathergraphics/circle_logo.png>
Package pdftex.def Info: Feathergraphics/circle_logo.png  used on input line 66
0.
(pdftex.def)             Requested size: 25.64984pt x 28.43256pt.

Missing character: There is no ; in font nullfont!
[29

]
File: Feathergraphics/circle_logo.png Graphic file (type png)
<use Feathergraphics/circle_logo.png>
Package pdftex.def Info: Feathergraphics/circle_logo.png  used on input line 67
3.
(pdftex.def)             Requested size: 25.64984pt x 28.43256pt.

Missing character: There is no ; in font nullfont!
<Newplots_microfluidics_results/setup3.png, id=1083, 1104.37593pt x 595.47469pt
>
File: Newplots_microfluidics_results/setup3.png Graphic file (type png)
<use Newplots_microfluidics_results/setup3.png>
Package pdftex.def Info: Newplots_microfluidics_results/setup3.png  used on inp
ut line 673.
(pdftex.def)             Requested size: 298.18549pt x 160.7803pt.
File: Feathergraphics/circle_logo.png Graphic file (type png)
<use Feathergraphics/circle_logo.png>
Package pdftex.def Info: Feathergraphics/circle_logo.png  used on input line 67
3.
(pdftex.def)             Requested size: 25.64984pt x 28.43256pt.
Missing character: There is no ; in font nullfont!
[30

 <./Newplots_microfluidics_results/setup3.png>]
File: Feathergraphics/circle_logo.png Graphic file (type png)
<use Feathergraphics/circle_logo.png>
Package pdftex.def Info: Feathergraphics/circle_logo.png  used on input line 69
1.
(pdftex.def)             Requested size: 25.64984pt x 28.43256pt.

Missing character: There is no ; in font nullfont!
LaTeX Font Info:    Trying to load font information for TS1+phv on input line 6
91.
(/usr/share/texlive/texmf-dist/tex/latex/psnfss/ts1phv.fd
File: ts1phv.fd 2020/03/25 scalable font definitions for TS1/phv.
)
File: Feathergraphics/circle_logo.png Graphic file (type png)
<use Feathergraphics/circle_logo.png>
Package pdftex.def Info: Feathergraphics/circle_logo.png  used on input line 69
1.
(pdftex.def)             Requested size: 25.64984pt x 28.43256pt.

Missing character: There is no ; in font nullfont!
[31

]
File: Feathergraphics/circle_logo.png Graphic file (type png)
<use Feathergraphics/circle_logo.png>
Package pdftex.def Info: Feathergraphics/circle_logo.png  used on input line 76
1.
(pdftex.def)             Requested size: 25.64984pt x 28.43256pt.

Missing character: There is no ; in font nullfont!
File: Feathergraphics/circle_logo.png Graphic file (type png)
<use Feathergraphics/circle_logo.png>
Package pdftex.def Info: Feathergraphics/circle_logo.png  used on input line 76
1.
(pdftex.def)             Requested size: 25.64984pt x 28.43256pt.
Missing character: There is no ; in font nullfont!
[32

]
<Diatomsexperimentalmethods/Nitzchia sp1.jpeg, id=1206, 803.0pt x 602.25pt>
File: Diatomsexperimentalmethods/Nitzchia sp1.jpeg Graphic file (type jpg)
<use Diatomsexperimentalmethods/Nitzchia sp1.jpeg>
Package pdftex.def Info: Diatomsexperimentalmethods/Nitzchia sp1.jpeg  used on 
input line 761.
(pdftex.def)             Requested size: 87.63496pt x 65.72389pt.
<Diatomsexperimentalmethods/Phaeodactylum t.jpgss.jpg, id=1207, 803.0pt x 602.2
5pt>
File: Diatomsexperimentalmethods/Phaeodactylum t.jpgss.jpg Graphic file (type j
pg)
<use Diatomsexperimentalmethods/Phaeodactylum t.jpgss.jpg>
Package pdftex.def Info: Diatomsexperimentalmethods/Phaeodactylum t.jpgss.jpg  
used on input line 761.
(pdftex.def)             Requested size: 87.63496pt x 65.72389pt.
<Diatomsexperimentalmethods/thala2.jpeg, id=1208, 803.0pt x 602.25pt>
File: Diatomsexperimentalmethods/thala2.jpeg Graphic file (type jpg)
<use Diatomsexperimentalmethods/thala2.jpeg>
Package pdftex.def Info: Diatomsexperimentalmethods/thala2.jpeg  used on input 
line 761.
(pdftex.def)             Requested size: 87.63496pt x 65.72389pt.
<Diatomsexperimentalmethods/gea4al.jpeg, id=1209, 803.0pt x 602.25pt>
File: Diatomsexperimentalmethods/gea4al.jpeg Graphic file (type jpg)
<use Diatomsexperimentalmethods/gea4al.jpeg>
Package pdftex.def Info: Diatomsexperimentalmethods/gea4al.jpeg  used on input 
line 761.
(pdftex.def)             Requested size: 87.63496pt x 65.72389pt.
<Diatomsexperimentalmethods/ray.jpeg, id=1210, 803.0pt x 602.25pt>
File: Diatomsexperimentalmethods/ray.jpeg Graphic file (type jpg)
<use Diatomsexperimentalmethods/ray.jpeg>
Package pdftex.def Info: Diatomsexperimentalmethods/ray.jpeg  used on input lin
e 761.
(pdftex.def)             Requested size: 87.63496pt x 65.72389pt.

Overfull \vbox (11.42842pt too high) detected at line 761
 []

File: Feathergraphics/circle_logo.png Graphic file (type png)
<use Feathergraphics/circle_logo.png>
Package pdftex.def Info: Feathergraphics/circle_logo.png  used on input line 76
1.
(pdftex.def)             Requested size: 25.64984pt x 28.43256pt.
Missing character: There is no ; in font nullfont!
[33

 <./Diatomsexperimentalmethods/Nitzchia sp1.jpeg> <./Diatomsexperimentalmethods
/Phaeodactylum t.jpgss.jpg> <./Diatomsexperimentalmethods/thala2.jpeg> <./Diato
msexperimentalmethods/gea4al.jpeg> <./Diatomsexperimentalmethods/ray.jpeg>]
<Imagenes teoria/cuci.png, id=1237, 525.46312pt x 140.02313pt>
File: Imagenes teoria/cuci.png Graphic file (type png)
<use Imagenes teoria/cuci.png>
Package pdftex.def Info: Imagenes teoria/cuci.png  used on input line 761.
(pdftex.def)             Requested size: 298.20853pt x 84.01451pt.
File: Feathergraphics/circle_logo.png Graphic file (type png)
<use Feathergraphics/circle_logo.png>
Package pdftex.def Info: Feathergraphics/circle_logo.png  used on input line 76
1.
(pdftex.def)             Requested size: 25.64984pt x 28.43256pt.

Missing character: There is no ; in font nullfont!
[34

 <./Imagenes teoria/cuci.png>]
<Diatomsexperimentalmethods/Samplepreparation/Screen Shot 2024-01-18 at 12.50.2
0 PM.png, id=1265, 776.9025pt x 286.06876pt>
File: Diatomsexperimentalmethods/Samplepreparation/Screen Shot 2024-01-18 at 12
.50.20 PM.png Graphic file (type png)
<use Diatomsexperimentalmethods/Samplepreparation/Screen Shot 2024-01-18 at 12.
50.20 PM.png>
Package pdftex.def Info: Diatomsexperimentalmethods/Samplepreparation/Screen Sh
ot 2024-01-18 at 12.50.20 PM.png  used on input line 761.
(pdftex.def)             Requested size: 271.91994pt x 100.12556pt.
File: Feathergraphics/circle_logo.png Graphic file (type png)
<use Feathergraphics/circle_logo.png>
Package pdftex.def Info: Feathergraphics/circle_logo.png  used on input line 76
1.
(pdftex.def)             Requested size: 25.64984pt x 28.43256pt.

Missing character: There is no ; in font nullfont!
[35

 <./Diatomsexperimentalmethods/Samplepreparation/Screen Shot 2024-01-18 at 12.5
0.20 PM.png>]
File: Feathergraphics/circle_logo.png Graphic file (type png)
<use Feathergraphics/circle_logo.png>
Package pdftex.def Info: Feathergraphics/circle_logo.png  used on input line 78
4.
(pdftex.def)             Requested size: 25.64984pt x 28.43256pt.

Missing character: There is no ; in font nullfont!

Overfull \vbox (11.34987pt too high) detected at line 784
 []

File: Feathergraphics/circle_logo.png Graphic file (type png)
<use Feathergraphics/circle_logo.png>
Package pdftex.def Info: Feathergraphics/circle_logo.png  used on input line 78
4.
(pdftex.def)             Requested size: 25.64984pt x 28.43256pt.
Missing character: There is no ; in font nullfont!
[36

<<video2.mp4>>]
File: Feathergraphics/circle_logo.png Graphic file (type png)
<use Feathergraphics/circle_logo.png>
Package pdftex.def Info: Feathergraphics/circle_logo.png  used on input line 85
2.
(pdftex.def)             Requested size: 25.64984pt x 28.43256pt.

Missing character: There is no ; in font nullfont!
<particles2.png, id=1372, 309.155pt x 374.39874pt>
File: particles2.png Graphic file (type png)
<use particles2.png>
Package pdftex.def Info: particles2.png  used on input line 852.
(pdftex.def)             Requested size: 79.66608pt x 65.44078pt.
<particles7.png, id=1373, 305.14pt x 394.47375pt>
File: particles7.png Graphic file (type png)
<use particles7.png>
Package pdftex.def Info: particles7.png  used on input line 852.
(pdftex.def)             Requested size: 79.6651pt x 65.44049pt.
<particlesnow.png, id=1374, 629.35126pt x 502.87875pt>
File: particlesnow.png Graphic file (type png)
<use particlesnow.png>
Package pdftex.def Info: particlesnow.png  used on input line 852.
(pdftex.def)             Requested size: 79.66649pt x 63.65004pt.
<Particles3.png, id=1375, 464.73625pt x 369.38pt>
File: Particles3.png Graphic file (type png)
<use Particles3.png>
Package pdftex.def Info: Particles3.png  used on input line 852.
(pdftex.def)             Requested size: 79.66649pt x 63.31793pt.
File: Feathergraphics/circle_logo.png Graphic file (type png)
<use Feathergraphics/circle_logo.png>
Package pdftex.def Info: Feathergraphics/circle_logo.png  used on input line 85
2.
(pdftex.def)             Requested size: 25.64984pt x 28.43256pt.
Missing character: There is no ; in font nullfont!
[37

 <./Particles2.png> <./particles7.png> <./particlesnow.png> <./particles3.png>]
<Imagenes teoria/opticution0_edited.jpeg, id=1416, 803.0pt x 602.25pt>
File: Imagenes teoria/opticution0_edited.jpeg Graphic file (type jpg)
<use Imagenes teoria/opticution0_edited.jpeg>
Package pdftex.def Info: Imagenes teoria/opticution0_edited.jpeg  used on input
 line 852.
(pdftex.def)             Requested size: 97.59404pt x 73.19502pt.
<Imagenes teoria/opticution1_edited.jpeg, id=1417, 803.0pt x 602.25pt>
File: Imagenes teoria/opticution1_edited.jpeg Graphic file (type jpg)
<use Imagenes teoria/opticution1_edited.jpeg>
Package pdftex.def Info: Imagenes teoria/opticution1_edited.jpeg  used on input
 line 852.
(pdftex.def)             Requested size: 97.59404pt x 73.19502pt.
File: Feathergraphics/circle_logo.png Graphic file (type png)
<use Feathergraphics/circle_logo.png>
Package pdftex.def Info: Feathergraphics/circle_logo.png  used on input line 85
2.
(pdftex.def)             Requested size: 25.64984pt x 28.43256pt.

Missing character: There is no ; in font nullfont!
[38

 <./Imagenes teoria/opticution0_edited.jpeg> <./Imagenes teoria/opticution1_edi
ted.jpeg>]
File: Feathergraphics/circle_logo.png Graphic file (type png)
<use Feathergraphics/circle_logo.png>
Package pdftex.def Info: Feathergraphics/circle_logo.png  used on input line 10
03.
(pdftex.def)             Requested size: 25.64984pt x 28.43256pt.

Missing character: There is no ; in font nullfont!
<ResultadosAlgea1/11.png, id=1464, 602.25pt x 451.6875pt>
File: ResultadosAlgea1/11.png Graphic file (type png)
<use ResultadosAlgea1/11.png>
Package pdftex.def Info: ResultadosAlgea1/11.png  used on input line 1003.
(pdftex.def)             Requested size: 79.66449pt x 65.44131pt.

pdfTeX warning (ext4): destination with the same identifier (name{fig7:a}) has 
been already used, duplicate ignored
<to be read again> 
                   \relax 
l.1003 \end{frame}
                  
pdfTeX warning (ext4): destination with the same identifier (name{sub@fig7:a}) 
has been already used, duplicate ignored
<to be read again> 
                   \relax 
l.1003 \end{frame}
                  
<ResultadosAlgea1/levantando.png, id=1465, 602.25pt x 451.6875pt>
File: ResultadosAlgea1/levantando.png Graphic file (type png)
<use ResultadosAlgea1/levantando.png>
Package pdftex.def Info: ResultadosAlgea1/levantando.png  used on input line 10
03.
(pdftex.def)             Requested size: 79.66449pt x 65.44131pt.

pdfTeX warning (ext4): destination with the same identifier (name{fig7:b}) has 
been already used, duplicate ignored
<to be read again> 
                   \relax 
l.1003 \end{frame}
                  
pdfTeX warning (ext4): destination with the same identifier (name{sub@fig7:b}) 
has been already used, duplicate ignored
<to be read again> 
                   \relax 
l.1003 \end{frame}
                  
<ResultadosAlgea1/3.png, id=1466, 602.25pt x 451.6875pt>
File: ResultadosAlgea1/3.png Graphic file (type png)
<use ResultadosAlgea1/3.png>
Package pdftex.def Info: ResultadosAlgea1/3.png  used on input line 1003.
(pdftex.def)             Requested size: 79.66649pt x 59.74837pt.

pdfTeX warning (ext4): destination with the same identifier (name{fig7:c}) has 
been already used, duplicate ignored
<to be read again> 
                   \relax 
l.1003 \end{frame}
                  
pdfTeX warning (ext4): destination with the same identifier (name{sub@fig7:c}) 
has been already used, duplicate ignored
<to be read again> 
                   \relax 
l.1003 \end{frame}
                  
<ResultadosAlgea1/1.png, id=1467, 602.25pt x 451.6875pt>
File: ResultadosAlgea1/1.png Graphic file (type png)
<use ResultadosAlgea1/1.png>
Package pdftex.def Info: ResultadosAlgea1/1.png  used on input line 1003.
(pdftex.def)             Requested size: 79.66649pt x 59.74837pt.

pdfTeX warning (ext4): destination with the same identifier (name{fig7:d}) has 
been already used, duplicate ignored
<to be read again> 
                   \relax 
l.1003 \end{frame}
                  
pdfTeX warning (ext4): destination with the same identifier (name{sub@fig7:d}) 
has been already used, duplicate ignored
<to be read again> 
                   \relax 
l.1003 \end{frame}
                  
pdfTeX warning (ext4): destination with the same identifier (name{poresfrustrul
es}) has been already used, duplicate ignored
<to be read again> 
                   \relax 
l.1003 \end{frame}
                  
Overfull \vbox (0.37027pt too high) detected at line 1003
 []

File: Feathergraphics/circle_logo.png Graphic file (type png)
<use Feathergraphics/circle_logo.png>
Package pdftex.def Info: Feathergraphics/circle_logo.png  used on input line 10
03.
(pdftex.def)             Requested size: 25.64984pt x 28.43256pt.
Missing character: There is no ; in font nullfont!
[39

 <./ResultadosAlgea1/11.png> <./ResultadosAlgea1/levantando.png> <./ResultadosA
lgea1/3.png> <./ResultadosAlgea1/1.png>]
<Results/Resultadosalgea2/firstwatter secondalgea.png, id=1499, 602.25pt x 451.
6875pt>
File: Results/Resultadosalgea2/firstwatter secondalgea.png Graphic file (type p
ng)
<use Results/Resultadosalgea2/firstwatter secondalgea.png>
Package pdftex.def Info: Results/Resultadosalgea2/firstwatter secondalgea.png  
used on input line 1003.
(pdftex.def)             Requested size: 79.66449pt x 65.44131pt.
<Results/Resultadosalgea2/secondalgea2water.png, id=1500, 602.25pt x 451.6875pt
>
File: Results/Resultadosalgea2/secondalgea2water.png Graphic file (type png)
<use Results/Resultadosalgea2/secondalgea2water.png>
Package pdftex.def Info: Results/Resultadosalgea2/secondalgea2water.png  used o
n input line 1003.
(pdftex.def)             Requested size: 79.66449pt x 65.44131pt.
<Results/Resultadosalgea2/secondalgeawater3.png, id=1501, 602.25pt x 451.6875pt
>
File: Results/Resultadosalgea2/secondalgeawater3.png Graphic file (type png)
<use Results/Resultadosalgea2/secondalgeawater3.png>
Package pdftex.def Info: Results/Resultadosalgea2/secondalgeawater3.png  used o
n input line 1003.
(pdftex.def)             Requested size: 79.66649pt x 59.74837pt.
<Results/Resultadosalgea2/secondalgeawater4.png, id=1502, 602.25pt x 451.6875pt
>
File: Results/Resultadosalgea2/secondalgeawater4.png Graphic file (type png)
<use Results/Resultadosalgea2/secondalgeawater4.png>
Package pdftex.def Info: Results/Resultadosalgea2/secondalgeawater4.png  used o
n input line 1003.
(pdftex.def)             Requested size: 79.66649pt x 59.74837pt.

Overfull \vbox (0.37027pt too high) detected at line 1003
 []

File: Feathergraphics/circle_logo.png Graphic file (type png)
<use Feathergraphics/circle_logo.png>
Package pdftex.def Info: Feathergraphics/circle_logo.png  used on input line 10
03.
(pdftex.def)             Requested size: 25.64984pt x 28.43256pt.
Missing character: There is no ; in font nullfont!
[40

 <./Results/Resultadosalgea2/firstwatter secondalgea.png> <./Results/Resultados
algea2/secondalgea2water.png> <./Results/Resultadosalgea2/secondalgeawater3.png
> <./Results/Resultadosalgea2/secondalgeawater4.png>]
<Results/Fifth/pennate1water.png, id=1533, 794.2172pt x 595.47469pt>
File: Results/Fifth/pennate1water.png Graphic file (type png)
<use Results/Fifth/pennate1water.png>
Package pdftex.def Info: Results/Fifth/pennate1water.png  used on input line 10
03.
(pdftex.def)             Requested size: 119.50279pt x 89.59901pt.
<Results/Fifth/pennatewater2.png, id=1534, 794.2172pt x 594.72188pt>
File: Results/Fifth/pennatewater2.png Graphic file (type png)
<use Results/Fifth/pennatewater2.png>
Package pdftex.def Info: Results/Fifth/pennatewater2.png  used on input line 10
03.
(pdftex.def)             Requested size: 119.50279pt x 89.48575pt.
<Results/Fifth/pennate3water.png, id=1535, 794.2172pt x 593.21625pt>
File: Results/Fifth/pennate3water.png Graphic file (type png)
<use Results/Fifth/pennate3water.png>
Package pdftex.def Info: Results/Fifth/pennate3water.png  used on input line 10
03.
(pdftex.def)             Requested size: 119.50279pt x 89.2592pt.
File: Feathergraphics/circle_logo.png Graphic file (type png)
<use Feathergraphics/circle_logo.png>
Package pdftex.def Info: Feathergraphics/circle_logo.png  used on input line 10
03.
(pdftex.def)             Requested size: 25.64984pt x 28.43256pt.

Missing character: There is no ; in font nullfont!
[41

 <./Results/Fifth/pennate1water.png> <./Results/Fifth/pennatewater2.png> <./Res
ults/Fifth/pennate3water.png>]
<Results/Resultsforthalgae/falgae1_image2327.png, id=1565, 602.25pt x 451.6875p
t>
File: Results/Resultsforthalgae/falgae1_image2327.png Graphic file (type png)
<use Results/Resultsforthalgae/falgae1_image2327.png>
Package pdftex.def Info: Results/Resultsforthalgae/falgae1_image2327.png  used 
on input line 1003.
(pdftex.def)             Requested size: 119.50279pt x 89.62599pt.
<Results/Resultsforthalgae/falgae2.png, id=1566, 602.25pt x 451.6875pt>
File: Results/Resultsforthalgae/falgae2.png Graphic file (type png)
<use Results/Resultsforthalgae/falgae2.png>
Package pdftex.def Info: Results/Resultsforthalgae/falgae2.png  used on input l
ine 1003.
(pdftex.def)             Requested size: 119.50279pt x 89.62599pt.
<Results/Resultsforthalgae/falgae3.png, id=1567, 602.25pt x 451.6875pt>
File: Results/Resultsforthalgae/falgae3.png Graphic file (type png)
<use Results/Resultsforthalgae/falgae3.png>
Package pdftex.def Info: Results/Resultsforthalgae/falgae3.png  used on input l
ine 1003.
(pdftex.def)             Requested size: 119.50279pt x 89.62599pt.
File: Feathergraphics/circle_logo.png Graphic file (type png)
<use Feathergraphics/circle_logo.png>
Package pdftex.def Info: Feathergraphics/circle_logo.png  used on input line 10
03.
(pdftex.def)             Requested size: 25.64984pt x 28.43256pt.

Missing character: There is no ; in font nullfont!
[42

 <./Results/Resultsforthalgae/falgae1_image2327.png> <./Results/Resultsforthalg
ae/falgae2.png> <./Results/Resultsforthalgae/falgae3.png>]
File: Feathergraphics/circle_logo.png Graphic file (type png)
<use Feathergraphics/circle_logo.png>
Package pdftex.def Info: Feathergraphics/circle_logo.png  used on input line 10
46.
(pdftex.def)             Requested size: 25.64984pt x 28.43256pt.

Missing character: There is no ; in font nullfont!
<Results/Pseudonana water/wpseudona1.png, id=1617, 602.25pt x 451.6875pt>
File: Results/Pseudonana water/wpseudona1.png Graphic file (type png)
<use Results/Pseudonana water/wpseudona1.png>
Package pdftex.def Info: Results/Pseudonana water/wpseudona1.png  used on input
 line 1046.
(pdftex.def)             Requested size: 79.66449pt x 65.44131pt.

pdfTeX warning (ext4): destination with the same identifier (name{fig7:a}) has 
been already used, duplicate ignored
<to be read again> 
                   \relax 
l.1046 \end{frame}
                  
pdfTeX warning (ext4): destination with the same identifier (name{sub@fig7:a}) 
has been already used, duplicate ignored
<to be read again> 
                   \relax 
l.1046 \end{frame}
                  
<Results/Pseudonana water/wpseudonana2.png, id=1618, 602.25pt x 451.6875pt>
File: Results/Pseudonana water/wpseudonana2.png Graphic file (type png)
<use Results/Pseudonana water/wpseudonana2.png>
Package pdftex.def Info: Results/Pseudonana water/wpseudonana2.png  used on inp
ut line 1046.
(pdftex.def)             Requested size: 79.66449pt x 65.44131pt.

pdfTeX warning (ext4): destination with the same identifier (name{fig7:b}) has 
been already used, duplicate ignored
<to be read again> 
                   \relax 
l.1046 \end{frame}
                  
pdfTeX warning (ext4): destination with the same identifier (name{sub@fig7:b}) 
has been already used, duplicate ignored
<to be read again> 
                   \relax 
l.1046 \end{frame}
                  
<Results/Pseudonana water/wpseudonana3.png, id=1619, 602.25pt x 451.6875pt>
File: Results/Pseudonana water/wpseudonana3.png Graphic file (type png)
<use Results/Pseudonana water/wpseudonana3.png>
Package pdftex.def Info: Results/Pseudonana water/wpseudonana3.png  used on inp
ut line 1046.
(pdftex.def)             Requested size: 79.66649pt x 59.74837pt.

pdfTeX warning (ext4): destination with the same identifier (name{fig7:c}) has 
been already used, duplicate ignored
<to be read again> 
                   \relax 
l.1046 \end{frame}
                  
pdfTeX warning (ext4): destination with the same identifier (name{sub@fig7:c}) 
has been already used, duplicate ignored
<to be read again> 
                   \relax 
l.1046 \end{frame}
                  
<Results/Pseudonana water/wpseudonana4.png, id=1620, 602.25pt x 451.6875pt>
File: Results/Pseudonana water/wpseudonana4.png Graphic file (type png)
<use Results/Pseudonana water/wpseudonana4.png>
Package pdftex.def Info: Results/Pseudonana water/wpseudonana4.png  used on inp
ut line 1046.
(pdftex.def)             Requested size: 79.66649pt x 59.74837pt.

pdfTeX warning (ext4): destination with the same identifier (name{fig7:d}) has 
been already used, duplicate ignored
<to be read again> 
                   \relax 
l.1046 \end{frame}
                  
pdfTeX warning (ext4): destination with the same identifier (name{sub@fig7:d}) 
has been already used, duplicate ignored
<to be read again> 
                   \relax 
l.1046 \end{frame}
                  
pdfTeX warning (ext4): destination with the same identifier (name{poresfrustrul
es}) has been already used, duplicate ignored
<to be read again> 
                   \relax 
l.1046 \end{frame}
                  
File: Feathergraphics/circle_logo.png Graphic file (type png)
<use Feathergraphics/circle_logo.png>
Package pdftex.def Info: Feathergraphics/circle_logo.png  used on input line 10
46.
(pdftex.def)             Requested size: 25.64984pt x 28.43256pt.

Missing character: There is no ; in font nullfont!
[43

 <./Results/Pseudonana water/wpseudona1.png> <./Results/Pseudonana water/wpseud
onana2.png> <./Results/Pseudonana water/wpseudonana3.png> <./Results/Pseudonana
 water/wpseudonana4.png>]
File: Feathergraphics/circle_logo.png Graphic file (type png)
<use Feathergraphics/circle_logo.png>
Package pdftex.def Info: Feathergraphics/circle_logo.png  used on input line 10
83.
(pdftex.def)             Requested size: 25.64984pt x 28.43256pt.

Missing character: There is no ; in font nullfont!
<Newplots_microfluidics_results/Force_silica_particle.png, id=1673, 462.528pt x
 346.896pt>
File: Newplots_microfluidics_results/Force_silica_particle.png Graphic file (ty
pe png)
<use Newplots_microfluidics_results/Force_silica_particle.png>
Package pdftex.def Info: Newplots_microfluidics_results/Force_silica_particle.p
ng  used on input line 1083.
(pdftex.def)             Requested size: 185.42809pt x 139.07352pt.
<Newplots_microfluidics_results/Force_Thalassiosira.png, id=1674, 462.528pt x 3
46.896pt>
File: Newplots_microfluidics_results/Force_Thalassiosira.png Graphic file (type
 png)
<use Newplots_microfluidics_results/Force_Thalassiosira.png>
Package pdftex.def Info: Newplots_microfluidics_results/Force_Thalassiosira.png
  used on input line 1083.
(pdftex.def)             Requested size: 185.42809pt x 139.07352pt.
File: Feathergraphics/circle_logo.png Graphic file (type png)
<use Feathergraphics/circle_logo.png>
Package pdftex.def Info: Feathergraphics/circle_logo.png  used on input line 10
83.
(pdftex.def)             Requested size: 25.64984pt x 28.43256pt.
Missing character: There is no ; in font nullfont!
[44

 <./Newplots_microfluidics_results/Force_silica_particle.png> <./Newplots_micro
fluidics_results/Force_Thalassiosira.png>]
File: Feathergraphics/circle_logo.png Graphic file (type png)
<use Feathergraphics/circle_logo.png>
Package pdftex.def Info: Feathergraphics/circle_logo.png  used on input line 11
69.
(pdftex.def)             Requested size: 25.64984pt x 28.43256pt.

Missing character: There is no ; in font nullfont!
LaTeX Font Info:    Font shape `T1/phv/m/it' in size <9> not available
(Font)              Font shape `T1/phv/m/sl' tried instead on input line 1169.
LaTeX Font Info:    Font shape `T1/phv/m/it' in size <6> not available
(Font)              Font shape `T1/phv/m/sl' tried instead on input line 1169.
File: Feathergraphics/circle_logo.png Graphic file (type png)
<use Feathergraphics/circle_logo.png>
Package pdftex.def Info: Feathergraphics/circle_logo.png  used on input line 11
69.
(pdftex.def)             Requested size: 25.64984pt x 28.43256pt.
Missing character: There is no ; in font nullfont!
[45

]
File: Feathergraphics/circle_logo.png Graphic file (type png)
<use Feathergraphics/circle_logo.png>
Package pdftex.def Info: Feathergraphics/circle_logo.png  used on input line 11
69.
(pdftex.def)             Requested size: 25.64984pt x 28.43256pt.

Missing character: There is no ; in font nullfont!
[46

]
<profile.png, id=1781, 752.8125pt x 290.08376pt>
File: profile.png Graphic file (type png)
<use profile.png>
Package pdftex.def Info: profile.png  used on input line 1169.
(pdftex.def)             Requested size: 199.1693pt x 76.74788pt.
File: Feathergraphics/circle_logo.png Graphic file (type png)
<use Feathergraphics/circle_logo.png>
Package pdftex.def Info: Feathergraphics/circle_logo.png  used on input line 11
69.
(pdftex.def)             Requested size: 25.64984pt x 28.43256pt.

Missing character: There is no ; in font nullfont!
[47

 <./profile.png>]
File: Feathergraphics/circle_logo.png Graphic file (type png)
<use Feathergraphics/circle_logo.png>
Package pdftex.def Info: Feathergraphics/circle_logo.png  used on input line 11
69.
(pdftex.def)             Requested size: 25.64984pt x 28.43256pt.

Missing character: There is no ; in font nullfont!
[48

]
\tf@nav=\write7
\openout7 = `Feathertheme.nav'.

\tf@toc=\write8
\openout8 = `Feathertheme.toc'.

\tf@snm=\write9
\openout9 = `Feathertheme.snm'.



Package movie15 Warning: @@@@@@@@@@@@@@@@@@@@@@@@@@@@@@@@@@@@@@@
(movie15)                @@ Package `movie15' is obsolete and @@
(movie15)                @@ superseded by `media9'.           @@
(movie15)                @@@@@@@@@@@@@@@@@@@@@@@@@@@@@@@@@@@@@@@.

(./Feathertheme.aux
LaTeX Info: Redefining \. on input line 11.
LaTeX Info: Redefining \% on input line 11.
)
 ***********
LaTeX2e <2023-11-01> patch level 1
L3 programming layer <2024-01-22>
 ***********


LaTeX Warning: There were multiply-defined labels.

Package rerunfilecheck Info: File `Feathertheme.out' has not changed.
(rerunfilecheck)             Checksum: F6E997EEBE14004F6C567B3FF4B78559;575.
 ) 
Here is how much of TeX's memory you used:
 29904 strings out of 476079
 588669 string characters out of 5792643
 1947975 words of memory out of 5000000
 51203 multiletter control sequences out of 15000+600000
 632668 words of font info for 120 fonts, out of 8000000 for 9000
 62 hyphenation exceptions out of 8191
 101i,22n,107p,644b,960s stack positions out of 10000i,1000n,20000p,200000b,200000s
 </home/raymundo/.texlive2023/texmf-var/fonts/pk/ljfour/jknappen/ec/ecrm0700.
600pk> </home/raymundo/.texlive2023/texmf-var/fonts/pk/ljfour/jknappen/ec/ectt0
800.525pk> </home/raymundo/.texlive2023/texmf-var/fonts/pk/ljfour/jknappen/ec/e
crm0800.600pk> </home/raymundo/.texlive2023/texmf-var/fonts/pk/ljfour/jknappen/
ec/ecbx0800.600pk> </home/raymundo/.texlive2023/texmf-var/fonts/pk/ljfour/jknap
pen/ec/ectt1000.600pk> </home/raymundo/.texlive2023/texmf-var/fonts/pk/ljfour/j
knappen/ec/ecbx1200.600pk> </home/raymundo/.texlive2023/texmf-var/fonts/pk/ljfo
ur/jknappen/ec/ecbx0900.600pk> </home/raymundo/.texlive2023/texmf-var/fonts/pk/
ljfour/jknappen/ec/ecbx1440.600pk></usr/share/texlive/texmf-dist/fonts/type1/pu
blic/amsfonts/cm/cmex10.pfb></usr/share/texlive/texmf-dist/fonts/type1/public/a
msfonts/cm/cmmi10.pfb></usr/share/texlive/texmf-dist/fonts/type1/public/amsfont
s/cm/cmmi5.pfb></usr/share/texlive/texmf-dist/fonts/type1/public/amsfonts/cm/cm
mi7.pfb></usr/share/texlive/texmf-dist/fonts/type1/public/amsfonts/cm/cmss10.pf
b></usr/share/texlive/texmf-dist/fonts/type1/public/amsfonts/cm/cmss8.pfb></usr
/share/texlive/texmf-dist/fonts/type1/public/amsfonts/cm/cmsy10.pfb></usr/share
/texlive/texmf-dist/fonts/type1/public/amsfonts/cm/cmsy7.pfb></usr/share/texliv
e/texmf-dist/fonts/type1/public/amsfonts/symbols/msam10.pfb></usr/share/texlive
/texmf-dist/fonts/type1/urw/helvetic/uhvb8a.pfb></usr/share/texlive/texmf-dist/
fonts/type1/urw/helvetic/uhvbo8a.pfb></usr/share/texlive/texmf-dist/fonts/type1
/urw/helvetic/uhvr8a.pfb></usr/share/texlive/texmf-dist/fonts/type1/urw/helveti
c/uhvro8a.pfb>
Output written on Feathertheme.pdf (48 pages, 11292988 bytes).
PDF statistics:
 2106 PDF objects out of 2487 (max. 8388607)
 1373 compressed objects within 14 object streams
 121 named destinations out of 1000 (max. 500000)
 514 words of extra memory for PDF output out of 10000 (max. 10000000)

